This file contains any messages produced by compilers while
running configure, to aid debugging if configure makes a mistake.

It was created by LinuxTrack configure 0.99.20, which was
generated by GNU Autoconf 2.71.  Invocation command line was

  $ ./configure

## --------- ##
## Platform. ##
## --------- ##

hostname = fedora
uname -m = x86_64
uname -r = 6.14.9-300.fc42.x86_64
uname -s = Linux
uname -v = #1 SMP PREEMPT_DYNAMIC Thu May 29 14:27:53 UTC 2025

/usr/bin/uname -p = unknown
/bin/uname -X     = unknown

/bin/arch              = x86_64
/usr/bin/arch -k       = unknown
/usr/convex/getsysinfo = unknown
/usr/bin/hostinfo      = unknown
/bin/machine           = unknown
/usr/bin/oslevel       = unknown
/bin/universe          = unknown

PATH: /tmp/.mount_Cursor1s3vFL/usr/bin/
PATH: /tmp/.mount_Cursor1s3vFL/usr/sbin/
PATH: /tmp/.mount_Cursor1s3vFL/usr/games/
PATH: /tmp/.mount_Cursor1s3vFL/bin/
PATH: /tmp/.mount_Cursor1s3vFL/sbin/
PATH: /home/mario/.local/bin/
PATH: /home/mario/bin/
PATH: /usr/local/bin/
PATH: /usr/bin/
PATH: /bin/
PATH: /usr/local/sbin/
PATH: /usr/sbin/
PATH: /sbin/


## ----------- ##
## Core tests. ##
## ----------- ##

configure:3003: looking for aux files: config.guess config.sub ltmain.sh ar-lib compile missing install-sh
configure:3016:  trying ./
configure:3045:   ./config.guess found
configure:3045:   ./config.sub found
configure:3045:   ./ltmain.sh found
configure:3045:   ./ar-lib found
configure:3045:   ./compile found
configure:3045:   ./missing found
configure:3027:   ./install-sh found
configure:3174: checking for a BSD-compatible install
configure:3247: result: /usr/bin/install -c
configure:3258: checking whether build environment is sane
configure:3313: result: yes
configure:3472: checking for a race-free mkdir -p
configure:3516: result: /usr/bin/mkdir -p
configure:3523: checking for gawk
configure:3544: found /usr/bin/gawk
configure:3555: result: gawk
configure:3566: checking whether make sets $(MAKE)
configure:3589: result: yes
configure:3619: checking whether make supports nested variables
configure:3637: result: yes
configure:3845: checking for g++
configure:3866: found /usr/bin/g++
configure:3877: result: g++
configure:3904: checking for C++ compiler version
configure:3913: g++ --version >&5
g++ (GCC) 15.1.1 20250521 (Red Hat 15.1.1-2)
Copyright (C) 2025 Free Software Foundation, Inc.
This is free software; see the source for copying conditions.  There is NO
warranty; not even for MERCHANTABILITY or FITNESS FOR A PARTICULAR PURPOSE.

configure:3924: $? = 0
configure:3913: g++ -v >&5
Using built-in specs.
COLLECT_GCC=g++
COLLECT_LTO_WRAPPER=/usr/libexec/gcc/x86_64-redhat-linux/15/lto-wrapper
OFFLOAD_TARGET_NAMES=nvptx-none:amdgcn-amdhsa
OFFLOAD_TARGET_DEFAULT=1
Target: x86_64-redhat-linux
Configured with: ../configure --enable-bootstrap --enable-languages=c,c++,fortran,objc,obj-c++,ada,go,d,m2,cobol,lto --prefix=/usr --mandir=/usr/share/man --infodir=/usr/share/info --with-bugurl=http://bugzilla.redhat.com/bugzilla --enable-shared --enable-threads=posix --enable-checking=release --enable-multilib --with-system-zlib --enable-__cxa_atexit --disable-libunwind-exceptions --enable-gnu-unique-object --enable-linker-build-id --with-gcc-major-version-only --enable-libstdcxx-backtrace --with-libstdcxx-zoneinfo=/usr/share/zoneinfo --with-linker-hash-style=gnu --enable-plugin --enable-initfini-array --with-isl=/builddir/build/BUILD/gcc-15.1.1-build/gcc-15.1.1-20250521/obj-x86_64-redhat-linux/isl-install --enable-offload-targets=nvptx-none,amdgcn-amdhsa --enable-offload-defaulted --without-cuda-driver --enable-gnu-indirect-function --enable-cet --with-tune=generic --with-arch_32=i686 --build=x86_64-redhat-linux --with-build-config=bootstrap-lto --enable-link-serialization=1
Thread model: posix
Supported LTO compression algorithms: zlib zstd
gcc version 15.1.1 20250521 (Red Hat 15.1.1-2) (GCC) 
... rest of stderr output deleted ...
configure:3924: $? = 0
configure:3913: g++ -V >&5
g++: error: unrecognized command-line option '-V'
g++: fatal error: no input files
compilation terminated.
configure:3924: $? = 1
configure:3913: g++ -qversion >&5
g++: error: unrecognized command-line option '-qversion'; did you mean '--version'?
g++: fatal error: no input files
compilation terminated.
configure:3924: $? = 1
configure:3944: checking whether the C++ compiler works
configure:3966: g++    conftest.cpp  >&5
configure:3970: $? = 0
configure:4020: result: yes
configure:4023: checking for C++ compiler default output file name
configure:4025: result: a.out
configure:4031: checking for suffix of executables
configure:4038: g++ -o conftest    conftest.cpp  >&5
configure:4042: $? = 0
configure:4065: result: 
configure:4087: checking whether we are cross compiling
configure:4095: g++ -o conftest    conftest.cpp  >&5
configure:4099: $? = 0
configure:4106: ./conftest
configure:4110: $? = 0
configure:4125: result: no
configure:4130: checking for suffix of object files
configure:4153: g++ -c   conftest.cpp >&5
configure:4157: $? = 0
configure:4179: result: o
configure:4183: checking whether the compiler supports GNU C++
configure:4203: g++ -c   conftest.cpp >&5
configure:4203: $? = 0
configure:4213: result: yes
configure:4224: checking whether g++ accepts -g
configure:4245: g++ -c -g  conftest.cpp >&5
configure:4245: $? = 0
configure:4289: result: yes
configure:4309: checking for g++ option to enable C++11 features
configure:4324: g++  -c -g -O2  conftest.cpp >&5
conftest.cpp: In function 'int main(int, char**)':
conftest.cpp:177:25: warning: empty parentheses were disambiguated as a function declaration [-Wvexing-parse]
  177 |   cxx11test::delegate d2();
      |                         ^~
conftest.cpp:177:25: note: remove parentheses to default-initialize a variable
  177 |   cxx11test::delegate d2();
      |                         ^~
      |                         --
conftest.cpp:177:25: note: or replace parentheses with braces to value-initialize a variable
configure:4324: $? = 0
configure:4342: result: none needed
configure:4465: checking for gcc
configure:4486: found /usr/bin/gcc
configure:4497: result: gcc
configure:4522: checking for Objective C compiler version
configure:4531: gcc --version >&5
gcc (GCC) 15.1.1 20250521 (Red Hat 15.1.1-2)
Copyright (C) 2025 Free Software Foundation, Inc.
This is free software; see the source for copying conditions.  There is NO
warranty; not even for MERCHANTABILITY or FITNESS FOR A PARTICULAR PURPOSE.

configure:4542: $? = 0
configure:4531: gcc -v >&5
Using built-in specs.
COLLECT_GCC=gcc
COLLECT_LTO_WRAPPER=/usr/libexec/gcc/x86_64-redhat-linux/15/lto-wrapper
OFFLOAD_TARGET_NAMES=nvptx-none:amdgcn-amdhsa
OFFLOAD_TARGET_DEFAULT=1
Target: x86_64-redhat-linux
Configured with: ../configure --enable-bootstrap --enable-languages=c,c++,fortran,objc,obj-c++,ada,go,d,m2,cobol,lto --prefix=/usr --mandir=/usr/share/man --infodir=/usr/share/info --with-bugurl=http://bugzilla.redhat.com/bugzilla --enable-shared --enable-threads=posix --enable-checking=release --enable-multilib --with-system-zlib --enable-__cxa_atexit --disable-libunwind-exceptions --enable-gnu-unique-object --enable-linker-build-id --with-gcc-major-version-only --enable-libstdcxx-backtrace --with-libstdcxx-zoneinfo=/usr/share/zoneinfo --with-linker-hash-style=gnu --enable-plugin --enable-initfini-array --with-isl=/builddir/build/BUILD/gcc-15.1.1-build/gcc-15.1.1-20250521/obj-x86_64-redhat-linux/isl-install --enable-offload-targets=nvptx-none,amdgcn-amdhsa --enable-offload-defaulted --without-cuda-driver --enable-gnu-indirect-function --enable-cet --with-tune=generic --with-arch_32=i686 --build=x86_64-redhat-linux --with-build-config=bootstrap-lto --enable-link-serialization=1
Thread model: posix
Supported LTO compression algorithms: zlib zstd
gcc version 15.1.1 20250521 (Red Hat 15.1.1-2) (GCC) 
... rest of stderr output deleted ...
configure:4542: $? = 0
configure:4531: gcc -V >&5
gcc: error: unrecognized command-line option '-V'
gcc: fatal error: no input files
compilation terminated.
configure:4542: $? = 1
configure:4531: gcc -qversion >&5
gcc: error: unrecognized command-line option '-qversion'; did you mean '--version'?
gcc: fatal error: no input files
compilation terminated.
configure:4542: $? = 1
configure:4546: checking whether the compiler supports GNU Objective C
configure:4566: gcc -c   conftest.m >&5
gcc: fatal error: cannot execute 'cc1obj': posix_spawnp: No such file or directory
compilation terminated.
configure:4566: $? = 1
configure: failed program was:
| /* confdefs.h */
| #define PACKAGE_NAME "LinuxTrack"
| #define PACKAGE_TARNAME "linuxtrack"
| #define PACKAGE_VERSION "0.99.20"
| #define PACKAGE_STRING "LinuxTrack 0.99.20"
| #define PACKAGE_BUGREPORT "https://github.com/uglyDwarf/linuxtrack/issues"
| #define PACKAGE_URL ""
| #define PACKAGE "linuxtrack"
| #define VERSION "0.99.20"
| /* end confdefs.h.  */
| 
| int
| main (void)
| {
| #ifndef __GNUC__
|        choke me
| #endif
| 
|   ;
|   return 0;
| }
configure:4576: result: no
configure:4587: checking whether gcc accepts -g
configure:4608: gcc -c -g  conftest.m >&5
gcc: fatal error: cannot execute 'cc1obj': posix_spawnp: No such file or directory
compilation terminated.
configure:4608: $? = 1
configure: failed program was:
| /* confdefs.h */
| #define PACKAGE_NAME "LinuxTrack"
| #define PACKAGE_TARNAME "linuxtrack"
| #define PACKAGE_VERSION "0.99.20"
| #define PACKAGE_STRING "LinuxTrack 0.99.20"
| #define PACKAGE_BUGREPORT "https://github.com/uglyDwarf/linuxtrack/issues"
| #define PACKAGE_URL ""
| #define PACKAGE "linuxtrack"
| #define VERSION "0.99.20"
| /* end confdefs.h.  */
| 
| int
| main (void)
| {
| 
|   ;
|   return 0;
| }
configure:4624: gcc -c   conftest.m >&5
gcc: fatal error: cannot execute 'cc1obj': posix_spawnp: No such file or directory
compilation terminated.
configure:4624: $? = 1
configure: failed program was:
| /* confdefs.h */
| #define PACKAGE_NAME "LinuxTrack"
| #define PACKAGE_TARNAME "linuxtrack"
| #define PACKAGE_VERSION "0.99.20"
| #define PACKAGE_STRING "LinuxTrack 0.99.20"
| #define PACKAGE_BUGREPORT "https://github.com/uglyDwarf/linuxtrack/issues"
| #define PACKAGE_URL ""
| #define PACKAGE "linuxtrack"
| #define VERSION "0.99.20"
| /* end confdefs.h.  */
| 
| int
| main (void)
| {
| 
|   ;
|   return 0;
| }
configure:4641: gcc -c -g  conftest.m >&5
gcc: fatal error: cannot execute 'cc1obj': posix_spawnp: No such file or directory
compilation terminated.
configure:4641: $? = 1
configure: failed program was:
| /* confdefs.h */
| #define PACKAGE_NAME "LinuxTrack"
| #define PACKAGE_TARNAME "linuxtrack"
| #define PACKAGE_VERSION "0.99.20"
| #define PACKAGE_STRING "LinuxTrack 0.99.20"
| #define PACKAGE_BUGREPORT "https://github.com/uglyDwarf/linuxtrack/issues"
| #define PACKAGE_URL ""
| #define PACKAGE "linuxtrack"
| #define VERSION "0.99.20"
| /* end confdefs.h.  */
| 
| int
| main (void)
| {
| 
|   ;
|   return 0;
| }
configure:4652: result: no
configure:4689: checking for bison
configure:4710: found /usr/bin/bison
configure:4721: result: yes
configure:4741: checking for bison
configure:4762: found /usr/bin/bison
configure:4773: result: bison -y
configure:4847: checking for gcc
configure:4868: found /usr/bin/gcc
configure:4879: result: gcc
configure:5232: checking for C compiler version
configure:5241: gcc --version >&5
gcc (GCC) 15.1.1 20250521 (Red Hat 15.1.1-2)
Copyright (C) 2025 Free Software Foundation, Inc.
This is free software; see the source for copying conditions.  There is NO
warranty; not even for MERCHANTABILITY or FITNESS FOR A PARTICULAR PURPOSE.

configure:5252: $? = 0
configure:5241: gcc -v >&5
Using built-in specs.
COLLECT_GCC=gcc
COLLECT_LTO_WRAPPER=/usr/libexec/gcc/x86_64-redhat-linux/15/lto-wrapper
OFFLOAD_TARGET_NAMES=nvptx-none:amdgcn-amdhsa
OFFLOAD_TARGET_DEFAULT=1
Target: x86_64-redhat-linux
Configured with: ../configure --enable-bootstrap --enable-languages=c,c++,fortran,objc,obj-c++,ada,go,d,m2,cobol,lto --prefix=/usr --mandir=/usr/share/man --infodir=/usr/share/info --with-bugurl=http://bugzilla.redhat.com/bugzilla --enable-shared --enable-threads=posix --enable-checking=release --enable-multilib --with-system-zlib --enable-__cxa_atexit --disable-libunwind-exceptions --enable-gnu-unique-object --enable-linker-build-id --with-gcc-major-version-only --enable-libstdcxx-backtrace --with-libstdcxx-zoneinfo=/usr/share/zoneinfo --with-linker-hash-style=gnu --enable-plugin --enable-initfini-array --with-isl=/builddir/build/BUILD/gcc-15.1.1-build/gcc-15.1.1-20250521/obj-x86_64-redhat-linux/isl-install --enable-offload-targets=nvptx-none,amdgcn-amdhsa --enable-offload-defaulted --without-cuda-driver --enable-gnu-indirect-function --enable-cet --with-tune=generic --with-arch_32=i686 --build=x86_64-redhat-linux --with-build-config=bootstrap-lto --enable-link-serialization=1
Thread model: posix
Supported LTO compression algorithms: zlib zstd
gcc version 15.1.1 20250521 (Red Hat 15.1.1-2) (GCC) 
... rest of stderr output deleted ...
configure:5252: $? = 0
configure:5241: gcc -V >&5
gcc: error: unrecognized command-line option '-V'
gcc: fatal error: no input files
compilation terminated.
configure:5252: $? = 1
configure:5241: gcc -qversion >&5
gcc: error: unrecognized command-line option '-qversion'; did you mean '--version'?
gcc: fatal error: no input files
compilation terminated.
configure:5252: $? = 1
configure:5241: gcc -version >&5
gcc: error: unrecognized command-line option '-version'
gcc: fatal error: no input files
compilation terminated.
configure:5252: $? = 1
configure:5256: checking whether the compiler supports GNU C
configure:5276: gcc -c  -g -O2 -Wall -Wextra -Wformat -Wformat-security          --param ssp-buffer-size=4 -fstack-protector -D_FORTIFY_SOURCE=2   -D_FORTIFY_SOURCE=2 -O2  conftest.c >&5
configure:5276: $? = 0
configure:5286: result: yes
configure:5297: checking whether gcc accepts -g
configure:5318: gcc -c -g  -D_FORTIFY_SOURCE=2 -O2  conftest.c >&5
configure:5318: $? = 0
configure:5362: result: yes
configure:5382: checking for gcc option to enable C11 features
configure:5397: gcc  -c  -g -O2 -Wall -Wextra -Wformat -Wformat-security          --param ssp-buffer-size=4 -fstack-protector -D_FORTIFY_SOURCE=2   -D_FORTIFY_SOURCE=2 -O2  conftest.c >&5
conftest.c: In function 'e':
conftest.c:25:14: warning: old-style function definition [-Wold-style-definition]
   25 | static char *e (p, i)
      |              ^
conftest.c: At top level:
conftest.c:186:1: warning: '_Noreturn' is not at beginning of declaration [-Wold-style-declaration]
  186 | int _Noreturn does_not_return (void) { for (;;) continue; }
      | ^~~
configure:5397: $? = 0
configure:5415: result: none needed
configure:5531: checking whether gcc understands -c and -o together
configure:5554: gcc -c conftest.c -o conftest2.o
configure:5557: $? = 0
configure:5554: gcc -c conftest.c -o conftest2.o
configure:5557: $? = 0
configure:5569: result: yes
configure:5591: checking for flex
configure:5612: found /usr/bin/flex
configure:5623: result: flex
configure:5672: checking for lex output file root
configure:5685: flex conftest.l
configure:5689: $? = 0
configure:5697: result: lex.yy
configure:5712: checking for lex library
configure:5737: gcc -o conftest  -g -O2 -Wall -Wextra -Wformat -Wformat-security          --param ssp-buffer-size=4 -fstack-protector -D_FORTIFY_SOURCE=2   -D_FORTIFY_SOURCE=2 -O2   conftest.c  >&5
configure:5737: $? = 0
configure:5750: result: none needed
configure:5770: checking whether yytext is a pointer
configure:5786: gcc -c  -g -O2 -Wall -Wextra -Wformat -Wformat-security          --param ssp-buffer-size=4 -fstack-protector -D_FORTIFY_SOURCE=2   -D_FORTIFY_SOURCE=2 -O2  conftest.c >&5
configure:5786: $? = 0
configure:5793: result: yes
configure:5860: checking for ar
configure:5881: found /usr/bin/ar
configure:5892: result: ar
configure:5918: checking the archiver (ar) interface
configure:5935: gcc -c  -g -O2 -Wall -Wextra -Wformat -Wformat-security          --param ssp-buffer-size=4 -fstack-protector -D_FORTIFY_SOURCE=2   -D_FORTIFY_SOURCE=2 -O2  conftest.c >&5
configure:5935: $? = 0
configure:5938: ar cru libconftest.a conftest.o >&5
configure:5941: $? = 0
configure:5969: result: ar
configure:6021: checking build system type
configure:6036: result: x86_64-unknown-linux-gnu
configure:6056: checking host system type
configure:6070: result: x86_64-unknown-linux-gnu
configure:6111: checking how to print strings
configure:6138: result: printf
configure:6159: checking for a sed that does not truncate output
configure:6229: result: /usr/bin/sed
configure:6247: checking for grep that handles long lines and -e
configure:6311: result: /usr/bin/grep
configure:6316: checking for egrep
configure:6384: result: /usr/bin/grep -E
configure:6389: checking for fgrep
configure:6457: result: /usr/bin/grep -F
configure:6493: checking for ld used by gcc
configure:6561: result: /usr/bin/ld
configure:6568: checking if the linker (/usr/bin/ld) is GNU ld
configure:6584: result: yes
configure:6596: checking for BSD- or MS-compatible name lister (nm)
configure:6646: result: /usr/bin/nm -B
configure:6786: checking the name lister (/usr/bin/nm -B) interface
configure:6794: gcc -c  -g -O2 -Wall -Wextra -Wformat -Wformat-security          --param ssp-buffer-size=4 -fstack-protector -D_FORTIFY_SOURCE=2   -D_FORTIFY_SOURCE=2 -O2  conftest.c >&5
configure:6797: /usr/bin/nm -B "conftest.o"
configure:6800: output
0000000000000000 B some_variable
configure:6807: result: BSD nm
configure:6810: checking whether ln -s works
configure:6814: result: yes
configure:6822: checking the maximum length of command line arguments
configure:6954: result: 1572864
configure:6971: checking whether the shell understands some XSI constructs
configure:6981: result: yes
configure:6985: checking whether the shell understands "+="
configure:6991: result: yes
configure:7026: checking how to convert x86_64-unknown-linux-gnu file names to x86_64-unknown-linux-gnu format
configure:7067: result: func_convert_file_noop
configure:7074: checking how to convert x86_64-unknown-linux-gnu file names to toolchain format
configure:7095: result: func_convert_file_noop
configure:7102: checking for /usr/bin/ld option to reload object files
configure:7110: result: -r
configure:7189: checking for objdump
configure:7210: found /usr/bin/objdump
configure:7221: result: objdump
configure:7253: checking how to recognize dependent libraries
configure:7452: result: pass_all
configure:7542: checking for dlltool
configure:7577: result: no
configure:7607: checking how to associate runtime and link libraries
configure:7635: result: printf %s\n
configure:7769: checking for archiver @FILE support
configure:7787: gcc -c  -g -O2 -Wall -Wextra -Wformat -Wformat-security          --param ssp-buffer-size=4 -fstack-protector -D_FORTIFY_SOURCE=2   -D_FORTIFY_SOURCE=2 -O2  conftest.c >&5
configure:7787: $? = 0
configure:7791: ar cru libconftest.a @conftest.lst >&5
configure:7794: $? = 0
configure:7799: ar cru libconftest.a @conftest.lst >&5
ar: conftest.o: No such file or directory
configure:7802: $? = 1
configure:7814: result: @
configure:7877: checking for strip
configure:7898: found /usr/bin/strip
configure:7909: result: strip
configure:7986: checking for ranlib
configure:8007: found /usr/bin/ranlib
configure:8018: result: ranlib
configure:8120: checking command to parse /usr/bin/nm -B output from gcc object
configure:8241: gcc -c  -g -O2 -Wall -Wextra -Wformat -Wformat-security          --param ssp-buffer-size=4 -fstack-protector -D_FORTIFY_SOURCE=2   -D_FORTIFY_SOURCE=2 -O2  conftest.c >&5
configure:8244: $? = 0
configure:8248: /usr/bin/nm -B conftest.o \| sed -n -e 's/^.*[ ]\([ABCDGIRSTW][ABCDGIRSTW]*\)[ ][ ]*\([_A-Za-z][_A-Za-z0-9]*\)$/\1 \2 \2/p' | sed '/ __gnu_lto/d' \> conftest.nm
configure:8251: $? = 0
configure:8317: gcc -o conftest  -g -O2 -Wall -Wextra -Wformat -Wformat-security          --param ssp-buffer-size=4 -fstack-protector -D_FORTIFY_SOURCE=2   -D_FORTIFY_SOURCE=2 -O2   conftest.c conftstm.o >&5
configure:8320: $? = 0
configure:8358: result: ok
configure:8395: checking for sysroot
configure:8426: result: no
configure:8504: gcc -c  -g -O2 -Wall -Wextra -Wformat -Wformat-security          --param ssp-buffer-size=4 -fstack-protector -D_FORTIFY_SOURCE=2   -D_FORTIFY_SOURCE=2 -O2  conftest.c >&5
configure:8507: $? = 0
configure:8697: checking for mt
configure:8732: result: no
configure:8752: checking if : is a manifest tool
configure:8759: : '-?'
configure:8767: result: no
configure:9462: checking for stdio.h
configure:9462: gcc -c  -g -O2 -Wall -Wextra -Wformat -Wformat-security          --param ssp-buffer-size=4 -fstack-protector -D_FORTIFY_SOURCE=2   -D_FORTIFY_SOURCE=2 -O2  conftest.c >&5
configure:9462: $? = 0
configure:9462: result: yes
configure:9462: checking for stdlib.h
configure:9462: gcc -c  -g -O2 -Wall -Wextra -Wformat -Wformat-security          --param ssp-buffer-size=4 -fstack-protector -D_FORTIFY_SOURCE=2   -D_FORTIFY_SOURCE=2 -O2  conftest.c >&5
configure:9462: $? = 0
configure:9462: result: yes
configure:9462: checking for string.h
configure:9462: gcc -c  -g -O2 -Wall -Wextra -Wformat -Wformat-security          --param ssp-buffer-size=4 -fstack-protector -D_FORTIFY_SOURCE=2   -D_FORTIFY_SOURCE=2 -O2  conftest.c >&5
configure:9462: $? = 0
configure:9462: result: yes
configure:9462: checking for inttypes.h
configure:9462: gcc -c  -g -O2 -Wall -Wextra -Wformat -Wformat-security          --param ssp-buffer-size=4 -fstack-protector -D_FORTIFY_SOURCE=2   -D_FORTIFY_SOURCE=2 -O2  conftest.c >&5
configure:9462: $? = 0
configure:9462: result: yes
configure:9462: checking for stdint.h
configure:9462: gcc -c  -g -O2 -Wall -Wextra -Wformat -Wformat-security          --param ssp-buffer-size=4 -fstack-protector -D_FORTIFY_SOURCE=2   -D_FORTIFY_SOURCE=2 -O2  conftest.c >&5
configure:9462: $? = 0
configure:9462: result: yes
configure:9462: checking for strings.h
configure:9462: gcc -c  -g -O2 -Wall -Wextra -Wformat -Wformat-security          --param ssp-buffer-size=4 -fstack-protector -D_FORTIFY_SOURCE=2   -D_FORTIFY_SOURCE=2 -O2  conftest.c >&5
configure:9462: $? = 0
configure:9462: result: yes
configure:9462: checking for sys/stat.h
configure:9462: gcc -c  -g -O2 -Wall -Wextra -Wformat -Wformat-security          --param ssp-buffer-size=4 -fstack-protector -D_FORTIFY_SOURCE=2   -D_FORTIFY_SOURCE=2 -O2  conftest.c >&5
configure:9462: $? = 0
configure:9462: result: yes
configure:9462: checking for sys/types.h
configure:9462: gcc -c  -g -O2 -Wall -Wextra -Wformat -Wformat-security          --param ssp-buffer-size=4 -fstack-protector -D_FORTIFY_SOURCE=2   -D_FORTIFY_SOURCE=2 -O2  conftest.c >&5
configure:9462: $? = 0
configure:9462: result: yes
configure:9462: checking for unistd.h
configure:9462: gcc -c  -g -O2 -Wall -Wextra -Wformat -Wformat-security          --param ssp-buffer-size=4 -fstack-protector -D_FORTIFY_SOURCE=2   -D_FORTIFY_SOURCE=2 -O2  conftest.c >&5
configure:9462: $? = 0
configure:9462: result: yes
configure:9487: checking for dlfcn.h
configure:9487: gcc -c  -g -O2 -Wall -Wextra -Wformat -Wformat-security          --param ssp-buffer-size=4 -fstack-protector -D_FORTIFY_SOURCE=2   -D_FORTIFY_SOURCE=2 -O2  conftest.c >&5
configure:9487: $? = 0
configure:9487: result: yes
configure:9705: checking for objdir
configure:9721: result: .libs
configure:9992: checking if gcc supports -fno-rtti -fno-exceptions
configure:10011: gcc -c  -g -O2 -Wall -Wextra -Wformat -Wformat-security          --param ssp-buffer-size=4 -fstack-protector -D_FORTIFY_SOURCE=2   -D_FORTIFY_SOURCE=2 -O2  -fno-rtti -fno-exceptions conftest.c >&5
cc1: warning: command-line option '-fno-rtti' is valid for C++/D/ObjC++ but not for C
configure:10015: $? = 0
configure:10028: result: no
configure:10355: checking for gcc option to produce PIC
configure:10363: result: -fPIC -DPIC
configure:10371: checking if gcc PIC flag -fPIC -DPIC works
configure:10390: gcc -c  -g -O2 -Wall -Wextra -Wformat -Wformat-security          --param ssp-buffer-size=4 -fstack-protector -D_FORTIFY_SOURCE=2   -D_FORTIFY_SOURCE=2 -O2  -fPIC -DPIC -DPIC conftest.c >&5
configure:10394: $? = 0
configure:10407: result: yes
configure:10436: checking if gcc static flag -static works
configure:10465: result: no
configure:10480: checking if gcc supports -c -o file.o
configure:10502: gcc -c  -g -O2 -Wall -Wextra -Wformat -Wformat-security          --param ssp-buffer-size=4 -fstack-protector -D_FORTIFY_SOURCE=2   -D_FORTIFY_SOURCE=2 -O2  -o out/conftest2.o conftest.c >&5
configure:10506: $? = 0
configure:10528: result: yes
configure:10536: checking if gcc supports -c -o file.o
configure:10584: result: yes
configure:10617: checking whether the gcc linker (/usr/bin/ld -m elf_x86_64) supports shared libraries
configure:11781: result: yes
configure:11818: checking whether -lc should be explicitly linked in
configure:11827: gcc -c  -g -O2 -Wall -Wextra -Wformat -Wformat-security          --param ssp-buffer-size=4 -fstack-protector -D_FORTIFY_SOURCE=2   -D_FORTIFY_SOURCE=2 -O2  conftest.c >&5
configure:11830: $? = 0
configure:11845: gcc -shared  -fPIC -DPIC conftest.o  -v -Wl,-soname -Wl,conftest -o conftest 2\>\&1 \| /usr/bin/grep  -lc  \>/dev/null 2\>\&1
configure:11848: $? = 0
configure:11862: result: no
configure:12022: checking dynamic linker characteristics
configure:12523: gcc -o conftest  -g -O2 -Wall -Wextra -Wformat -Wformat-security          --param ssp-buffer-size=4 -fstack-protector -D_FORTIFY_SOURCE=2   -D_FORTIFY_SOURCE=2 -O2   -Wl,-rpath -Wl,/foo conftest.c  >&5
configure:12523: $? = 0
configure:12759: result: GNU/Linux ld.so
configure:12866: checking how to hardcode library paths into programs
configure:12891: result: immediate
configure:13435: checking whether stripping libraries is possible
configure:13440: result: yes
configure:13475: checking if libtool supports shared libraries
configure:13477: result: yes
configure:13480: checking whether to build shared libraries
configure:13501: result: yes
configure:13504: checking whether to build static libraries
configure:13508: result: yes
configure:13531: checking how to run the C++ preprocessor
configure:13553: g++ -E  -D_FORTIFY_SOURCE=2 -O2  conftest.cpp
configure:13553: $? = 0
configure:13568: g++ -E  -D_FORTIFY_SOURCE=2 -O2  conftest.cpp
conftest.cpp:24:10: fatal error: ac_nonexistent.h: No such file or directory
   24 | #include <ac_nonexistent.h>
      |          ^~~~~~~~~~~~~~~~~~
compilation terminated.
configure:13568: $? = 1
configure: failed program was:
| /* confdefs.h */
| #define PACKAGE_NAME "LinuxTrack"
| #define PACKAGE_TARNAME "linuxtrack"
| #define PACKAGE_VERSION "0.99.20"
| #define PACKAGE_STRING "LinuxTrack 0.99.20"
| #define PACKAGE_BUGREPORT "https://github.com/uglyDwarf/linuxtrack/issues"
| #define PACKAGE_URL ""
| #define PACKAGE "linuxtrack"
| #define VERSION "0.99.20"
| #define YYTEXT_POINTER 1
| #define HAVE_STDIO_H 1
| #define HAVE_STDLIB_H 1
| #define HAVE_STRING_H 1
| #define HAVE_INTTYPES_H 1
| #define HAVE_STDINT_H 1
| #define HAVE_STRINGS_H 1
| #define HAVE_SYS_STAT_H 1
| #define HAVE_SYS_TYPES_H 1
| #define HAVE_UNISTD_H 1
| #define STDC_HEADERS 1
| #define HAVE_DLFCN_H 1
| #define LT_OBJDIR ".libs/"
| /* end confdefs.h.  */
| #include <ac_nonexistent.h>
configure:13595: result: g++ -E
configure:13609: g++ -E  -D_FORTIFY_SOURCE=2 -O2  conftest.cpp
configure:13609: $? = 0
configure:13624: g++ -E  -D_FORTIFY_SOURCE=2 -O2  conftest.cpp
conftest.cpp:24:10: fatal error: ac_nonexistent.h: No such file or directory
   24 | #include <ac_nonexistent.h>
      |          ^~~~~~~~~~~~~~~~~~
compilation terminated.
configure:13624: $? = 1
configure: failed program was:
| /* confdefs.h */
| #define PACKAGE_NAME "LinuxTrack"
| #define PACKAGE_TARNAME "linuxtrack"
| #define PACKAGE_VERSION "0.99.20"
| #define PACKAGE_STRING "LinuxTrack 0.99.20"
| #define PACKAGE_BUGREPORT "https://github.com/uglyDwarf/linuxtrack/issues"
| #define PACKAGE_URL ""
| #define PACKAGE "linuxtrack"
| #define VERSION "0.99.20"
| #define YYTEXT_POINTER 1
| #define HAVE_STDIO_H 1
| #define HAVE_STDLIB_H 1
| #define HAVE_STRING_H 1
| #define HAVE_INTTYPES_H 1
| #define HAVE_STDINT_H 1
| #define HAVE_STRINGS_H 1
| #define HAVE_SYS_STAT_H 1
| #define HAVE_SYS_TYPES_H 1
| #define HAVE_UNISTD_H 1
| #define STDC_HEADERS 1
| #define HAVE_DLFCN_H 1
| #define LT_OBJDIR ".libs/"
| /* end confdefs.h.  */
| #include <ac_nonexistent.h>
configure:13796: checking for ld used by g++
configure:13864: result: /usr/bin/ld -m elf_x86_64
configure:13871: checking if the linker (/usr/bin/ld -m elf_x86_64) is GNU ld
configure:13887: result: yes
configure:13942: checking whether the g++ linker (/usr/bin/ld -m elf_x86_64) supports shared libraries
configure:14948: result: yes
configure:14984: g++ -c -g -O2 -g -O2 -Wall -Wextra -Wformat -Wformat-security          --param ssp-buffer-size=4 -fstack-protector -D_FORTIFY_SOURCE=2   -D_FORTIFY_SOURCE=2 -O2  conftest.cpp >&5
configure:14987: $? = 0
configure:15507: checking for g++ option to produce PIC
configure:15515: result: -fPIC -DPIC
configure:15523: checking if g++ PIC flag -fPIC -DPIC works
configure:15542: g++ -c -g -O2 -g -O2 -Wall -Wextra -Wformat -Wformat-security          --param ssp-buffer-size=4 -fstack-protector -D_FORTIFY_SOURCE=2   -D_FORTIFY_SOURCE=2 -O2  -fPIC -DPIC -DPIC conftest.cpp >&5
configure:15546: $? = 0
configure:15559: result: yes
configure:15582: checking if g++ static flag -static works
configure:15611: result: no
configure:15623: checking if g++ supports -c -o file.o
configure:15645: g++ -c -g -O2 -g -O2 -Wall -Wextra -Wformat -Wformat-security          --param ssp-buffer-size=4 -fstack-protector -D_FORTIFY_SOURCE=2   -D_FORTIFY_SOURCE=2 -O2  -o out/conftest2.o conftest.cpp >&5
configure:15649: $? = 0
configure:15671: result: yes
configure:15676: checking if g++ supports -c -o file.o
configure:15724: result: yes
configure:15754: checking whether the g++ linker (/usr/bin/ld -m elf_x86_64) supports shared libraries
configure:15793: result: yes
configure:15935: checking dynamic linker characteristics
configure:16606: result: GNU/Linux ld.so
configure:16659: checking how to hardcode library paths into programs
configure:16684: result: immediate
configure:16807: checking for pkg-config
configure:16830: found /usr/bin/pkg-config
configure:16842: result: /usr/bin/pkg-config
configure:16867: checking pkg-config is at least version 0.9.0
configure:16870: result: yes
configure:16881: checking for sqrt in -lm
configure:16904: gcc -o conftest  -g -O2 -Wall -Wextra -Wformat -Wformat-security          --param ssp-buffer-size=4 -fstack-protector -D_FORTIFY_SOURCE=2   -D_FORTIFY_SOURCE=2 -O2   conftest.c -lm   >&5
conftest.c:28:6: warning: conflicting types for built-in function 'sqrt'; expected 'double(double)' [-Wbuiltin-declaration-mismatch]
   28 | char sqrt ();
      |      ^~~~
conftest.c:1:1: note: 'sqrt' is declared in header '<math.h>'
    1 | /* confdefs.h */
configure:16904: $? = 0
configure:16914: result: yes
configure:16927: checking for pthread_create in -lpthread
configure:16950: gcc -o conftest  -g -O2 -Wall -Wextra -Wformat -Wformat-security          --param ssp-buffer-size=4 -fstack-protector -D_FORTIFY_SOURCE=2   -D_FORTIFY_SOURCE=2 -O2   conftest.c -lpthread   >&5
configure:16950: $? = 0
configure:16960: result: yes
configure:16973: checking for mxmlNewXML in -lmxml
configure:16996: gcc -o conftest  -g -O2 -Wall -Wextra -Wformat -Wformat-security          --param ssp-buffer-size=4 -fstack-protector -D_FORTIFY_SOURCE=2   -D_FORTIFY_SOURCE=2 -O2   conftest.c -lmxml -pthread  >&5
configure:16996: $? = 0
configure:17006: result: yes
configure:17018: checking for mxml.h
configure:17018: gcc -c  -g -O2 -Wall -Wextra -Wformat -Wformat-security          --param ssp-buffer-size=4 -fstack-protector -D_FORTIFY_SOURCE=2   -D_FORTIFY_SOURCE=2 -O2  conftest.c >&5
configure:17018: $? = 0
configure:17018: result: yes
configure:17035: checking for qmake
configure:17058: found /usr/bin/qmake
configure:17070: result: /usr/bin/qmake
configure:17084: checking for gzopen in -lz
configure:17107: gcc -o conftest  -g -O2 -Wall -Wextra -Wformat -Wformat-security          --param ssp-buffer-size=4 -fstack-protector -D_FORTIFY_SOURCE=2   -D_FORTIFY_SOURCE=2 -O2   conftest.c -lz   >&5
configure:17107: $? = 0
configure:17117: result: yes
configure:17125: checking for libusb_init in -lusb-1.0
configure:17148: gcc -o conftest  -g -O2 -Wall -Wextra -Wformat -Wformat-security          --param ssp-buffer-size=4 -fstack-protector -D_FORTIFY_SOURCE=2   -D_FORTIFY_SOURCE=2 -O2   conftest.c -lusb-1.0   >&5
configure:17148: $? = 0
configure:17158: result: yes
configure:17166: checking for cwiid_open in -lcwiid
configure:17189: gcc -o conftest  -g -O2 -Wall -Wextra -Wformat -Wformat-security          --param ssp-buffer-size=4 -fstack-protector -D_FORTIFY_SOURCE=2   -D_FORTIFY_SOURCE=2 -O2   conftest.c -lcwiid   >&5
/usr/bin/ld: cannot find -lcwiid: No such file or directory
collect2: error: ld returned 1 exit status
configure:17189: $? = 1
configure: failed program was:
| /* confdefs.h */
| #define PACKAGE_NAME "LinuxTrack"
| #define PACKAGE_TARNAME "linuxtrack"
| #define PACKAGE_VERSION "0.99.20"
| #define PACKAGE_STRING "LinuxTrack 0.99.20"
| #define PACKAGE_BUGREPORT "https://github.com/uglyDwarf/linuxtrack/issues"
| #define PACKAGE_URL ""
| #define PACKAGE "linuxtrack"
| #define VERSION "0.99.20"
| #define YYTEXT_POINTER 1
| #define HAVE_STDIO_H 1
| #define HAVE_STDLIB_H 1
| #define HAVE_STRING_H 1
| #define HAVE_INTTYPES_H 1
| #define HAVE_STDINT_H 1
| #define HAVE_STRINGS_H 1
| #define HAVE_SYS_STAT_H 1
| #define HAVE_SYS_TYPES_H 1
| #define HAVE_UNISTD_H 1
| #define STDC_HEADERS 1
| #define HAVE_DLFCN_H 1
| #define LT_OBJDIR ".libs/"
| /* end confdefs.h.  */
| 
| /* Override any GCC internal prototype to avoid an error.
|    Use char because int might match the return type of a GCC
|    builtin and then its argument prototype would still apply.  */
| char cwiid_open ();
| int
| main (void)
| {
| return cwiid_open ();
|   ;
|   return 0;
| }
configure:17199: result: no
configure:17207: checking for lo_send_bundle in -llo
configure:17230: gcc -o conftest  -g -O2 -Wall -Wextra -Wformat -Wformat-security          --param ssp-buffer-size=4 -fstack-protector -D_FORTIFY_SOURCE=2   -D_FORTIFY_SOURCE=2 -O2   conftest.c -llo   >&5
configure:17230: $? = 0
configure:17240: result: yes
configure:17247: checking for lo_bundle_free_recursive in -llo
configure:17270: gcc -o conftest  -g -O2 -Wall -Wextra -Wformat -Wformat-security          --param ssp-buffer-size=4 -fstack-protector -D_FORTIFY_SOURCE=2   -D_FORTIFY_SOURCE=2 -O2   conftest.c -llo   >&5
configure:17270: $? = 0
configure:17280: result: yes
configure:17292: checking for stdint.h
configure:17292: result: yes
configure:17298: checking for assert.h
configure:17298: gcc -c  -g -O2 -Wall -Wextra -Wformat -Wformat-security          --param ssp-buffer-size=4 -fstack-protector -D_FORTIFY_SOURCE=2   -D_FORTIFY_SOURCE=2 -O2  conftest.c >&5
configure:17298: $? = 0
configure:17298: result: yes
configure:17305: checking for stdlib.h
configure:17305: result: yes
configure:17311: checking for unistd.h
configure:17311: result: yes
configure:17317: checking for netdb.h
configure:17317: gcc -c  -g -O2 -Wall -Wextra -Wformat -Wformat-security          --param ssp-buffer-size=4 -fstack-protector -D_FORTIFY_SOURCE=2   -D_FORTIFY_SOURCE=2 -O2  conftest.c >&5
configure:17317: $? = 0
configure:17317: result: yes
configure:17323: checking for sys/socket.h
configure:17323: gcc -c  -g -O2 -Wall -Wextra -Wformat -Wformat-security          --param ssp-buffer-size=4 -fstack-protector -D_FORTIFY_SOURCE=2   -D_FORTIFY_SOURCE=2 -O2  conftest.c >&5
configure:17323: $? = 0
configure:17323: result: yes
configure:17329: checking for fcntl.h
configure:17329: gcc -c  -g -O2 -Wall -Wextra -Wformat -Wformat-security          --param ssp-buffer-size=4 -fstack-protector -D_FORTIFY_SOURCE=2   -D_FORTIFY_SOURCE=2 -O2  conftest.c >&5
configure:17329: $? = 0
configure:17329: result: yes
configure:17335: checking for sys/ioctl.h
configure:17335: gcc -c  -g -O2 -Wall -Wextra -Wformat -Wformat-security          --param ssp-buffer-size=4 -fstack-protector -D_FORTIFY_SOURCE=2   -D_FORTIFY_SOURCE=2 -O2  conftest.c >&5
configure:17335: $? = 0
configure:17335: result: yes
configure:17344: checking for atexit
configure:17344: gcc -o conftest  -g -O2 -Wall -Wextra -Wformat -Wformat-security          --param ssp-buffer-size=4 -fstack-protector -D_FORTIFY_SOURCE=2   -D_FORTIFY_SOURCE=2 -O2   conftest.c  >&5
configure:17344: $? = 0
configure:17344: result: yes
configure:17351: checking for memset
configure:17351: gcc -o conftest  -g -O2 -Wall -Wextra -Wformat -Wformat-security          --param ssp-buffer-size=4 -fstack-protector -D_FORTIFY_SOURCE=2   -D_FORTIFY_SOURCE=2 -O2   conftest.c  >&5
conftest.c:50:6: warning: conflicting types for built-in function 'memset'; expected 'void *(void *, int,  long unsigned int)' [-Wbuiltin-declaration-mismatch]
   50 | char memset ();
      |      ^~~~~~
conftest.c:42:1: note: 'memset' is declared in header '<string.h>'
   41 | #include <limits.h>
   42 | #undef memset
configure:17351: $? = 0
configure:17351: result: yes
configure:17358: checking for select
configure:17358: gcc -o conftest  -g -O2 -Wall -Wextra -Wformat -Wformat-security          --param ssp-buffer-size=4 -fstack-protector -D_FORTIFY_SOURCE=2   -D_FORTIFY_SOURCE=2 -O2   conftest.c  >&5
configure:17358: $? = 0
configure:17358: result: yes
configure:17365: checking for socket
configure:17365: gcc -o conftest  -g -O2 -Wall -Wextra -Wformat -Wformat-security          --param ssp-buffer-size=4 -fstack-protector -D_FORTIFY_SOURCE=2   -D_FORTIFY_SOURCE=2 -O2   conftest.c  >&5
configure:17365: $? = 0
configure:17365: result: yes
configure:17372: checking for strerror
configure:17372: gcc -o conftest  -g -O2 -Wall -Wextra -Wformat -Wformat-security          --param ssp-buffer-size=4 -fstack-protector -D_FORTIFY_SOURCE=2   -D_FORTIFY_SOURCE=2 -O2   conftest.c  >&5
configure:17372: $? = 0
configure:17372: result: yes
configure:17379: checking for gettimeofday
configure:17379: gcc -o conftest  -g -O2 -Wall -Wextra -Wformat -Wformat-security          --param ssp-buffer-size=4 -fstack-protector -D_FORTIFY_SOURCE=2   -D_FORTIFY_SOURCE=2 -O2   conftest.c  >&5
configure:17379: $? = 0
configure:17379: result: yes
configure:17389: checking for _Bool
configure:17389: gcc -c  -g -O2 -Wall -Wextra -Wformat -Wformat-security          --param ssp-buffer-size=4 -fstack-protector -D_FORTIFY_SOURCE=2   -D_FORTIFY_SOURCE=2 -O2  conftest.c >&5
configure:17389: $? = 0
configure:17389: gcc -c  -g -O2 -Wall -Wextra -Wformat -Wformat-security          --param ssp-buffer-size=4 -fstack-protector -D_FORTIFY_SOURCE=2   -D_FORTIFY_SOURCE=2 -O2  conftest.c >&5
conftest.c: In function 'main':
conftest.c:70:20: error: expected expression before ')' token
   70 | if (sizeof ((_Bool)))
      |                    ^
configure:17389: $? = 1
configure: failed program was:
| /* confdefs.h */
| #define PACKAGE_NAME "LinuxTrack"
| #define PACKAGE_TARNAME "linuxtrack"
| #define PACKAGE_VERSION "0.99.20"
| #define PACKAGE_STRING "LinuxTrack 0.99.20"
| #define PACKAGE_BUGREPORT "https://github.com/uglyDwarf/linuxtrack/issues"
| #define PACKAGE_URL ""
| #define PACKAGE "linuxtrack"
| #define VERSION "0.99.20"
| #define YYTEXT_POINTER 1
| #define HAVE_STDIO_H 1
| #define HAVE_STDLIB_H 1
| #define HAVE_STRING_H 1
| #define HAVE_INTTYPES_H 1
| #define HAVE_STDINT_H 1
| #define HAVE_STRINGS_H 1
| #define HAVE_SYS_STAT_H 1
| #define HAVE_SYS_TYPES_H 1
| #define HAVE_UNISTD_H 1
| #define STDC_HEADERS 1
| #define HAVE_DLFCN_H 1
| #define LT_OBJDIR ".libs/"
| #define HAVE_NEW_LIBLO 1
| #define HAVE_STDINT_H 1
| #define HAVE_ASSERT_H 1
| #define HAVE_STDLIB_H 1
| #define HAVE_UNISTD_H 1
| #define HAVE_NETDB_H 1
| #define HAVE_SYS_SOCKET_H 1
| #define HAVE_FCNTL_H 1
| #define HAVE_SYS_IOCTL_H 1
| #define HAVE_ATEXIT 1
| #define HAVE_MEMSET 1
| #define HAVE_SELECT 1
| #define HAVE_SOCKET 1
| #define HAVE_STRERROR 1
| #define HAVE_GETTIMEOFDAY 1
| /* end confdefs.h.  */
| #include <stddef.h>
| #ifdef HAVE_STDIO_H
| # include <stdio.h>
| #endif
| #ifdef HAVE_STDLIB_H
| # include <stdlib.h>
| #endif
| #ifdef HAVE_STRING_H
| # include <string.h>
| #endif
| #ifdef HAVE_INTTYPES_H
| # include <inttypes.h>
| #endif
| #ifdef HAVE_STDINT_H
| # include <stdint.h>
| #endif
| #ifdef HAVE_STRINGS_H
| # include <strings.h>
| #endif
| #ifdef HAVE_SYS_TYPES_H
| # include <sys/types.h>
| #endif
| #ifdef HAVE_SYS_STAT_H
| # include <sys/stat.h>
| #endif
| #ifdef HAVE_UNISTD_H
| # include <unistd.h>
| #endif
| int
| main (void)
| {
| if (sizeof ((_Bool)))
| 	    return 0;
|   ;
|   return 0;
| }
configure:17389: result: yes
configure:17398: checking for stdbool.h that conforms to C99
configure:17514: gcc -c  -g -O2 -Wall -Wextra -Wformat -Wformat-security          --param ssp-buffer-size=4 -fstack-protector -D_FORTIFY_SOURCE=2   -D_FORTIFY_SOURCE=2 -O2  conftest.c >&5
conftest.c:94:17: error: #error "bool is not defined"
   94 |                #error "bool is not defined"
      |                 ^~~~~
conftest.c:97:17: error: #error "false is not defined"
   97 |                #error "false is not defined"
      |                 ^~~~~
conftest.c:100:17: error: #error "true is not defined"
  100 |                #error "true is not defined"
      |                 ^~~~~
conftest.c: In function 'main':
conftest.c:125:14: warning: the address of 's' will always evaluate as 'true' [-Waddress]
  125 |              bool ps = &s;
      |              ^~~~
conftest.c:130:16: warning: the address of 't' will always evaluate as 'true' [-Waddress]
  130 |                _Bool pt = &t;
      |                ^~~~~
conftest.c:137:22: warning: the address of 'a' will always evaluate as 'true' [-Waddress]
  137 |              return (!a + !b + !c + !d + !e + !f + !g + !h + !i + !j + !k
      |                      ^
conftest.c:137:27: warning: the address of 'b' will always evaluate as 'true' [-Waddress]
  137 |              return (!a + !b + !c + !d + !e + !f + !g + !h + !i + !j + !k
      |                           ^
conftest.c:137:32: warning: the address of 'c' will always evaluate as 'true' [-Waddress]
  137 |              return (!a + !b + !c + !d + !e + !f + !g + !h + !i + !j + !k
      |                                ^
conftest.c:137:37: warning: the address of 'd' will always evaluate as 'true' [-Waddress]
  137 |              return (!a + !b + !c + !d + !e + !f + !g + !h + !i + !j + !k
      |                                     ^
conftest.c:137:62: warning: the address of 'i' will always evaluate as 'true' [-Waddress]
  137 |              return (!a + !b + !c + !d + !e + !f + !g + !h + !i + !j + !k
      |                                                              ^
conftest.c:137:67: warning: the address of 'j' will always evaluate as 'true' [-Waddress]
  137 |              return (!a + !b + !c + !d + !e + !f + !g + !h + !i + !j + !k
      |                                                                   ^
conftest.c:137:72: warning: the address of 'k' will always evaluate as 'true' [-Waddress]
  137 |              return (!a + !b + !c + !d + !e + !f + !g + !h + !i + !j + !k
      |                                                                        ^
conftest.c:138:24: warning: the address of 'l' will always evaluate as 'true' [-Waddress]
  138 |                      + !l + !m + !n + !o + !p + !pp + !ps
      |                        ^
conftest.c:138:29: warning: the address of 'm' will always evaluate as 'true' [-Waddress]
  138 |                      + !l + !m + !n + !o + !p + !pp + !ps
      |                             ^
conftest.c:138:34: warning: the address of 'n' will always evaluate as 'true' [-Waddress]
  138 |                      + !l + !m + !n + !o + !p + !pp + !ps
      |                                  ^
conftest.c:138:39: warning: the address of 'o' will always evaluate as 'true' [-Waddress]
  138 |                      + !l + !m + !n + !o + !p + !pp + !ps
      |                                       ^
conftest.c:140:24: warning: the address of 'q' will always evaluate as 'true' [-Waddress]
  140 |                      + !q + !r + !u + !v + !w + !x + !y + !z + !pt
      |                        ^
conftest.c:140:29: warning: the address of 'r' will always evaluate as 'true' [-Waddress]
  140 |                      + !q + !r + !u + !v + !w + !x + !y + !z + !pt
      |                             ^
conftest.c:140:34: warning: the address of 'u' will always evaluate as 'true' [-Waddress]
  140 |                      + !q + !r + !u + !v + !w + !x + !y + !z + !pt
      |                                  ^
conftest.c:140:39: warning: the address of 'v' will always evaluate as 'true' [-Waddress]
  140 |                      + !q + !r + !u + !v + !w + !x + !y + !z + !pt
      |                                       ^
conftest.c:140:44: warning: the address of 'w' will always evaluate as 'true' [-Waddress]
  140 |                      + !q + !r + !u + !v + !w + !x + !y + !z + !pt
      |                                            ^
conftest.c:140:49: warning: the address of 'x' will always evaluate as 'true' [-Waddress]
  140 |                      + !q + !r + !u + !v + !w + !x + !y + !z + !pt
      |                                                 ^
conftest.c:140:54: warning: the address of 'y' will always evaluate as 'true' [-Waddress]
  140 |                      + !q + !r + !u + !v + !w + !x + !y + !z + !pt
      |                                                      ^
configure:17514: $? = 1
configure: failed program was:
| /* confdefs.h */
| #define PACKAGE_NAME "LinuxTrack"
| #define PACKAGE_TARNAME "linuxtrack"
| #define PACKAGE_VERSION "0.99.20"
| #define PACKAGE_STRING "LinuxTrack 0.99.20"
| #define PACKAGE_BUGREPORT "https://github.com/uglyDwarf/linuxtrack/issues"
| #define PACKAGE_URL ""
| #define PACKAGE "linuxtrack"
| #define VERSION "0.99.20"
| #define YYTEXT_POINTER 1
| #define HAVE_STDIO_H 1
| #define HAVE_STDLIB_H 1
| #define HAVE_STRING_H 1
| #define HAVE_INTTYPES_H 1
| #define HAVE_STDINT_H 1
| #define HAVE_STRINGS_H 1
| #define HAVE_SYS_STAT_H 1
| #define HAVE_SYS_TYPES_H 1
| #define HAVE_UNISTD_H 1
| #define STDC_HEADERS 1
| #define HAVE_DLFCN_H 1
| #define LT_OBJDIR ".libs/"
| #define HAVE_NEW_LIBLO 1
| #define HAVE_STDINT_H 1
| #define HAVE_ASSERT_H 1
| #define HAVE_STDLIB_H 1
| #define HAVE_UNISTD_H 1
| #define HAVE_NETDB_H 1
| #define HAVE_SYS_SOCKET_H 1
| #define HAVE_FCNTL_H 1
| #define HAVE_SYS_IOCTL_H 1
| #define HAVE_ATEXIT 1
| #define HAVE_MEMSET 1
| #define HAVE_SELECT 1
| #define HAVE_SOCKET 1
| #define HAVE_STRERROR 1
| #define HAVE_GETTIMEOFDAY 1
| #define HAVE__BOOL 1
| /* end confdefs.h.  */
| #include <stdbool.h>
| 
|              #ifndef __bool_true_false_are_defined
|                #error "__bool_true_false_are_defined is not defined"
|              #endif
|              char a[__bool_true_false_are_defined == 1 ? 1 : -1];
| 
|              /* Regardless of whether this is C++ or "_Bool" is a
|                 valid type name, "true" and "false" should be usable
|                 in #if expressions and integer constant expressions,
|                 and "bool" should be a valid type name.  */
| 
|              #if !true
|                #error "'true' is not true"
|              #endif
|              #if true != 1
|                #error "'true' is not equal to 1"
|              #endif
|              char b[true == 1 ? 1 : -1];
|              char c[true];
| 
|              #if false
|                #error "'false' is not false"
|              #endif
|              #if false != 0
|                #error "'false' is not equal to 0"
|              #endif
|              char d[false == 0 ? 1 : -1];
| 
|              enum { e = false, f = true, g = false * true, h = true * 256 };
| 
|              char i[(bool) 0.5 == true ? 1 : -1];
|              char j[(bool) 0.0 == false ? 1 : -1];
|              char k[sizeof (bool) > 0 ? 1 : -1];
| 
|              struct sb { bool s: 1; bool t; } s;
|              char l[sizeof s.t > 0 ? 1 : -1];
| 
|              /* The following fails for
|                 HP aC++/ANSI C B3910B A.05.55 [Dec 04 2003]. */
|              bool m[h];
|              char n[sizeof m == h * sizeof m[0] ? 1 : -1];
|              char o[-1 - (bool) 0 < 0 ? 1 : -1];
|              /* Catch a bug in an HP-UX C compiler.  See
|          https://gcc.gnu.org/ml/gcc-patches/2003-12/msg02303.html
|          https://lists.gnu.org/archive/html/bug-coreutils/2005-11/msg00161.html
|               */
|              bool p = true;
|              bool *pp = &p;
| 
|              /* C 1999 specifies that bool, true, and false are to be
|                 macros, but C++ 2011 and later overrule this.  */
|              #if __cplusplus < 201103
|               #ifndef bool
|                #error "bool is not defined"
|               #endif
|               #ifndef false
|                #error "false is not defined"
|               #endif
|               #ifndef true
|                #error "true is not defined"
|               #endif
|              #endif
| 
|              /* If _Bool is available, repeat with it all the tests
|                 above that used bool.  */
|              #ifdef HAVE__BOOL
|                struct sB { _Bool s: 1; _Bool t; } t;
| 
|                char q[(_Bool) 0.5 == true ? 1 : -1];
|                char r[(_Bool) 0.0 == false ? 1 : -1];
|                char u[sizeof (_Bool) > 0 ? 1 : -1];
|                char v[sizeof t.t > 0 ? 1 : -1];
| 
|                _Bool w[h];
|                char x[sizeof m == h * sizeof m[0] ? 1 : -1];
|                char y[-1 - (_Bool) 0 < 0 ? 1 : -1];
|                _Bool z = true;
|                _Bool *pz = &p;
|              #endif
| 
| int
| main (void)
| {
| 
|              bool ps = &s;
|              *pp |= p;
|              *pp |= ! p;
| 
|              #ifdef HAVE__BOOL
|                _Bool pt = &t;
|                *pz |= z;
|                *pz |= ! z;
|              #endif
| 
|              /* Refer to every declared value, so they cannot be
|                 discarded as unused.  */
|              return (!a + !b + !c + !d + !e + !f + !g + !h + !i + !j + !k
|                      + !l + !m + !n + !o + !p + !pp + !ps
|              #ifdef HAVE__BOOL
|                      + !q + !r + !u + !v + !w + !x + !y + !z + !pt
|              #endif
|                     );
| 
|   ;
|   return 0;
| }
configure:17522: result: no
configure:17531: checking for uint16_t
configure:17531: gcc -c  -g -O2 -Wall -Wextra -Wformat -Wformat-security          --param ssp-buffer-size=4 -fstack-protector -D_FORTIFY_SOURCE=2   -D_FORTIFY_SOURCE=2 -O2  conftest.c >&5
configure:17531: $? = 0
configure:17531: result: yes
configure:17541: checking for uint32_t
configure:17541: gcc -c  -g -O2 -Wall -Wextra -Wformat -Wformat-security          --param ssp-buffer-size=4 -fstack-protector -D_FORTIFY_SOURCE=2   -D_FORTIFY_SOURCE=2 -O2  conftest.c >&5
configure:17541: $? = 0
configure:17541: result: yes
configure:17553: checking for uint8_t
configure:17553: gcc -c  -g -O2 -Wall -Wextra -Wformat -Wformat-security          --param ssp-buffer-size=4 -fstack-protector -D_FORTIFY_SOURCE=2   -D_FORTIFY_SOURCE=2 -O2  conftest.c >&5
configure:17553: $? = 0
configure:17553: result: yes
configure:17565: checking for int8_t
configure:17565: gcc -c  -g -O2 -Wall -Wextra -Wformat -Wformat-security          --param ssp-buffer-size=4 -fstack-protector -D_FORTIFY_SOURCE=2   -D_FORTIFY_SOURCE=2 -O2  conftest.c >&5
configure:17565: $? = 0
configure:17565: gcc -c  -g -O2 -Wall -Wextra -Wformat -Wformat-security          --param ssp-buffer-size=4 -fstack-protector -D_FORTIFY_SOURCE=2   -D_FORTIFY_SOURCE=2 -O2  conftest.c >&5
conftest.c: In function 'main':
conftest.c:72:12: error: size of array 'test_array' is negative
   72 | static int test_array [1 - 2 * !((int8_t) (((((int8_t) 1 << N) << N) - 1) * 2 + 1)
      |            ^~~~~~~~~~
configure:17565: $? = 1
configure: failed program was:
| /* confdefs.h */
| #define PACKAGE_NAME "LinuxTrack"
| #define PACKAGE_TARNAME "linuxtrack"
| #define PACKAGE_VERSION "0.99.20"
| #define PACKAGE_STRING "LinuxTrack 0.99.20"
| #define PACKAGE_BUGREPORT "https://github.com/uglyDwarf/linuxtrack/issues"
| #define PACKAGE_URL ""
| #define PACKAGE "linuxtrack"
| #define VERSION "0.99.20"
| #define YYTEXT_POINTER 1
| #define HAVE_STDIO_H 1
| #define HAVE_STDLIB_H 1
| #define HAVE_STRING_H 1
| #define HAVE_INTTYPES_H 1
| #define HAVE_STDINT_H 1
| #define HAVE_STRINGS_H 1
| #define HAVE_SYS_STAT_H 1
| #define HAVE_SYS_TYPES_H 1
| #define HAVE_UNISTD_H 1
| #define STDC_HEADERS 1
| #define HAVE_DLFCN_H 1
| #define LT_OBJDIR ".libs/"
| #define HAVE_NEW_LIBLO 1
| #define HAVE_STDINT_H 1
| #define HAVE_ASSERT_H 1
| #define HAVE_STDLIB_H 1
| #define HAVE_UNISTD_H 1
| #define HAVE_NETDB_H 1
| #define HAVE_SYS_SOCKET_H 1
| #define HAVE_FCNTL_H 1
| #define HAVE_SYS_IOCTL_H 1
| #define HAVE_ATEXIT 1
| #define HAVE_MEMSET 1
| #define HAVE_SELECT 1
| #define HAVE_SOCKET 1
| #define HAVE_STRERROR 1
| #define HAVE_GETTIMEOFDAY 1
| #define HAVE__BOOL 1
| /* end confdefs.h.  */
| #include <stddef.h>
| #ifdef HAVE_STDIO_H
| # include <stdio.h>
| #endif
| #ifdef HAVE_STDLIB_H
| # include <stdlib.h>
| #endif
| #ifdef HAVE_STRING_H
| # include <string.h>
| #endif
| #ifdef HAVE_INTTYPES_H
| # include <inttypes.h>
| #endif
| #ifdef HAVE_STDINT_H
| # include <stdint.h>
| #endif
| #ifdef HAVE_STRINGS_H
| # include <strings.h>
| #endif
| #ifdef HAVE_SYS_TYPES_H
| # include <sys/types.h>
| #endif
| #ifdef HAVE_SYS_STAT_H
| # include <sys/stat.h>
| #endif
| #ifdef HAVE_UNISTD_H
| # include <unistd.h>
| #endif
| 	        enum { N = 8 / 2 - 1 };
| int
| main (void)
| {
| static int test_array [1 - 2 * !((int8_t) (((((int8_t) 1 << N) << N) - 1) * 2 + 1)
| 		 < (int8_t) (((((int8_t) 1 << N) << N) - 1) * 2 + 2))];
| test_array [0] = 0;
| return test_array [0];
| 
|   ;
|   return 0;
| }
configure:17565: result: yes
configure:17574: checking for int32_t
configure:17574: gcc -c  -g -O2 -Wall -Wextra -Wformat -Wformat-security          --param ssp-buffer-size=4 -fstack-protector -D_FORTIFY_SOURCE=2   -D_FORTIFY_SOURCE=2 -O2  conftest.c >&5
configure:17574: $? = 0
configure:17574: gcc -c  -g -O2 -Wall -Wextra -Wformat -Wformat-security          --param ssp-buffer-size=4 -fstack-protector -D_FORTIFY_SOURCE=2   -D_FORTIFY_SOURCE=2 -O2  conftest.c >&5
conftest.c: In function 'main':
conftest.c:73:67: warning: integer overflow in expression of type 'int' results in '-2147483648' [-Woverflow]
   73 |                  < (int32_t) (((((int32_t) 1 << N) << N) - 1) * 2 + 2))];
      |                                                                   ^
conftest.c:72:12: error: storage size of 'test_array' isn't constant
   72 | static int test_array [1 - 2 * !((int32_t) (((((int32_t) 1 << N) << N) - 1) * 2 + 1)
      |            ^~~~~~~~~~
conftest.c:72:12: warning: unused variable 'test_array' [-Wunused-variable]
configure:17574: $? = 1
configure: failed program was:
| /* confdefs.h */
| #define PACKAGE_NAME "LinuxTrack"
| #define PACKAGE_TARNAME "linuxtrack"
| #define PACKAGE_VERSION "0.99.20"
| #define PACKAGE_STRING "LinuxTrack 0.99.20"
| #define PACKAGE_BUGREPORT "https://github.com/uglyDwarf/linuxtrack/issues"
| #define PACKAGE_URL ""
| #define PACKAGE "linuxtrack"
| #define VERSION "0.99.20"
| #define YYTEXT_POINTER 1
| #define HAVE_STDIO_H 1
| #define HAVE_STDLIB_H 1
| #define HAVE_STRING_H 1
| #define HAVE_INTTYPES_H 1
| #define HAVE_STDINT_H 1
| #define HAVE_STRINGS_H 1
| #define HAVE_SYS_STAT_H 1
| #define HAVE_SYS_TYPES_H 1
| #define HAVE_UNISTD_H 1
| #define STDC_HEADERS 1
| #define HAVE_DLFCN_H 1
| #define LT_OBJDIR ".libs/"
| #define HAVE_NEW_LIBLO 1
| #define HAVE_STDINT_H 1
| #define HAVE_ASSERT_H 1
| #define HAVE_STDLIB_H 1
| #define HAVE_UNISTD_H 1
| #define HAVE_NETDB_H 1
| #define HAVE_SYS_SOCKET_H 1
| #define HAVE_FCNTL_H 1
| #define HAVE_SYS_IOCTL_H 1
| #define HAVE_ATEXIT 1
| #define HAVE_MEMSET 1
| #define HAVE_SELECT 1
| #define HAVE_SOCKET 1
| #define HAVE_STRERROR 1
| #define HAVE_GETTIMEOFDAY 1
| #define HAVE__BOOL 1
| /* end confdefs.h.  */
| #include <stddef.h>
| #ifdef HAVE_STDIO_H
| # include <stdio.h>
| #endif
| #ifdef HAVE_STDLIB_H
| # include <stdlib.h>
| #endif
| #ifdef HAVE_STRING_H
| # include <string.h>
| #endif
| #ifdef HAVE_INTTYPES_H
| # include <inttypes.h>
| #endif
| #ifdef HAVE_STDINT_H
| # include <stdint.h>
| #endif
| #ifdef HAVE_STRINGS_H
| # include <strings.h>
| #endif
| #ifdef HAVE_SYS_TYPES_H
| # include <sys/types.h>
| #endif
| #ifdef HAVE_SYS_STAT_H
| # include <sys/stat.h>
| #endif
| #ifdef HAVE_UNISTD_H
| # include <unistd.h>
| #endif
| 	        enum { N = 32 / 2 - 1 };
| int
| main (void)
| {
| static int test_array [1 - 2 * !((int32_t) (((((int32_t) 1 << N) << N) - 1) * 2 + 1)
| 		 < (int32_t) (((((int32_t) 1 << N) << N) - 1) * 2 + 2))];
| test_array [0] = 0;
| return test_array [0];
| 
|   ;
|   return 0;
| }
configure:17574: result: yes
configure:17583: checking for size_t
configure:17583: gcc -c  -g -O2 -Wall -Wextra -Wformat -Wformat-security          --param ssp-buffer-size=4 -fstack-protector -D_FORTIFY_SOURCE=2   -D_FORTIFY_SOURCE=2 -O2  conftest.c >&5
configure:17583: $? = 0
configure:17583: gcc -c  -g -O2 -Wall -Wextra -Wformat -Wformat-security          --param ssp-buffer-size=4 -fstack-protector -D_FORTIFY_SOURCE=2   -D_FORTIFY_SOURCE=2 -O2  conftest.c >&5
conftest.c: In function 'main':
conftest.c:71:21: error: expected expression before ')' token
   71 | if (sizeof ((size_t)))
      |                     ^
configure:17583: $? = 1
configure: failed program was:
| /* confdefs.h */
| #define PACKAGE_NAME "LinuxTrack"
| #define PACKAGE_TARNAME "linuxtrack"
| #define PACKAGE_VERSION "0.99.20"
| #define PACKAGE_STRING "LinuxTrack 0.99.20"
| #define PACKAGE_BUGREPORT "https://github.com/uglyDwarf/linuxtrack/issues"
| #define PACKAGE_URL ""
| #define PACKAGE "linuxtrack"
| #define VERSION "0.99.20"
| #define YYTEXT_POINTER 1
| #define HAVE_STDIO_H 1
| #define HAVE_STDLIB_H 1
| #define HAVE_STRING_H 1
| #define HAVE_INTTYPES_H 1
| #define HAVE_STDINT_H 1
| #define HAVE_STRINGS_H 1
| #define HAVE_SYS_STAT_H 1
| #define HAVE_SYS_TYPES_H 1
| #define HAVE_UNISTD_H 1
| #define STDC_HEADERS 1
| #define HAVE_DLFCN_H 1
| #define LT_OBJDIR ".libs/"
| #define HAVE_NEW_LIBLO 1
| #define HAVE_STDINT_H 1
| #define HAVE_ASSERT_H 1
| #define HAVE_STDLIB_H 1
| #define HAVE_UNISTD_H 1
| #define HAVE_NETDB_H 1
| #define HAVE_SYS_SOCKET_H 1
| #define HAVE_FCNTL_H 1
| #define HAVE_SYS_IOCTL_H 1
| #define HAVE_ATEXIT 1
| #define HAVE_MEMSET 1
| #define HAVE_SELECT 1
| #define HAVE_SOCKET 1
| #define HAVE_STRERROR 1
| #define HAVE_GETTIMEOFDAY 1
| #define HAVE__BOOL 1
| /* end confdefs.h.  */
| #include <stddef.h>
| #ifdef HAVE_STDIO_H
| # include <stdio.h>
| #endif
| #ifdef HAVE_STDLIB_H
| # include <stdlib.h>
| #endif
| #ifdef HAVE_STRING_H
| # include <string.h>
| #endif
| #ifdef HAVE_INTTYPES_H
| # include <inttypes.h>
| #endif
| #ifdef HAVE_STDINT_H
| # include <stdint.h>
| #endif
| #ifdef HAVE_STRINGS_H
| # include <strings.h>
| #endif
| #ifdef HAVE_SYS_TYPES_H
| # include <sys/types.h>
| #endif
| #ifdef HAVE_SYS_STAT_H
| # include <sys/stat.h>
| #endif
| #ifdef HAVE_UNISTD_H
| # include <unistd.h>
| #endif
| int
| main (void)
| {
| if (sizeof ((size_t)))
| 	    return 0;
|   ;
|   return 0;
| }
configure:17583: result: yes
configure:17593: checking for inline
configure:17610: gcc -c  -g -O2 -Wall -Wextra -Wformat -Wformat-security          --param ssp-buffer-size=4 -fstack-protector -D_FORTIFY_SOURCE=2   -D_FORTIFY_SOURCE=2 -O2  conftest.c >&5
configure:17610: $? = 0
configure:17619: result: inline
configure:17641: checking for struct v4l2_frmsizeenum
configure:17641: gcc -c  -g -O2 -Wall -Wextra -Wformat -Wformat-security          --param ssp-buffer-size=4 -fstack-protector -D_FORTIFY_SOURCE=2   -D_FORTIFY_SOURCE=2 -O2  conftest.c >&5
configure:17641: $? = 0
configure:17641: gcc -c  -g -O2 -Wall -Wextra -Wformat -Wformat-security          --param ssp-buffer-size=4 -fstack-protector -D_FORTIFY_SOURCE=2   -D_FORTIFY_SOURCE=2 -O2  conftest.c >&5
conftest.c: In function 'main':
conftest.c:47:38: error: expected expression before ')' token
   47 | if (sizeof ((struct v4l2_frmsizeenum)))
      |                                      ^
configure:17641: $? = 1
configure: failed program was:
| /* confdefs.h */
| #define PACKAGE_NAME "LinuxTrack"
| #define PACKAGE_TARNAME "linuxtrack"
| #define PACKAGE_VERSION "0.99.20"
| #define PACKAGE_STRING "LinuxTrack 0.99.20"
| #define PACKAGE_BUGREPORT "https://github.com/uglyDwarf/linuxtrack/issues"
| #define PACKAGE_URL ""
| #define PACKAGE "linuxtrack"
| #define VERSION "0.99.20"
| #define YYTEXT_POINTER 1
| #define HAVE_STDIO_H 1
| #define HAVE_STDLIB_H 1
| #define HAVE_STRING_H 1
| #define HAVE_INTTYPES_H 1
| #define HAVE_STDINT_H 1
| #define HAVE_STRINGS_H 1
| #define HAVE_SYS_STAT_H 1
| #define HAVE_SYS_TYPES_H 1
| #define HAVE_UNISTD_H 1
| #define STDC_HEADERS 1
| #define HAVE_DLFCN_H 1
| #define LT_OBJDIR ".libs/"
| #define HAVE_NEW_LIBLO 1
| #define HAVE_STDINT_H 1
| #define HAVE_ASSERT_H 1
| #define HAVE_STDLIB_H 1
| #define HAVE_UNISTD_H 1
| #define HAVE_NETDB_H 1
| #define HAVE_SYS_SOCKET_H 1
| #define HAVE_FCNTL_H 1
| #define HAVE_SYS_IOCTL_H 1
| #define HAVE_ATEXIT 1
| #define HAVE_MEMSET 1
| #define HAVE_SELECT 1
| #define HAVE_SOCKET 1
| #define HAVE_STRERROR 1
| #define HAVE_GETTIMEOFDAY 1
| #define HAVE__BOOL 1
| /* end confdefs.h.  */
| #include  <linux/videodev2.h>
| 
| 
| 
| int
| main (void)
| {
| if (sizeof ((struct v4l2_frmsizeenum)))
| 	    return 0;
|   ;
|   return 0;
| }
configure:17641: result: yes
configure:17656: checking for libv4l2.h
configure:17656: gcc -c  -g -O2 -Wall -Wextra -Wformat -Wformat-security          --param ssp-buffer-size=4 -fstack-protector -D_FORTIFY_SOURCE=2   -D_FORTIFY_SOURCE=2 -O2  conftest.c >&5
configure:17656: $? = 0
configure:17656: result: yes
configure:17670: checking for linux/uinput.h
configure:17670: gcc -c  -g -O2 -Wall -Wextra -Wformat -Wformat-security          --param ssp-buffer-size=4 -fstack-protector -D_FORTIFY_SOURCE=2   -D_FORTIFY_SOURCE=2 -O2  conftest.c >&5
configure:17670: $? = 0
configure:17670: result: yes
configure:17682: checking for wine64
configure:17703: found /usr/bin/wine64
configure:17714: result: yes
configure:17726: checking for makensis
configure:17761: result: no
configure:17781: checking for XPLMPlugin.h
configure:17781: gcc -c  -g -O2 -Wall -Wextra -Wformat -Wformat-security          --param ssp-buffer-size=4 -fstack-protector -D_FORTIFY_SOURCE=2   -D_FORTIFY_SOURCE=2 -O2  -I/usr/include/xplane_sdk/XPLM -I/usr/include/xplane_sdk/Widgets  -DLIN=1 conftest.c >&5
conftest.c:70:10: fatal error: XPLMPlugin.h: No such file or directory
   70 | #include <XPLMPlugin.h>
      |          ^~~~~~~~~~~~~~
compilation terminated.
configure:17781: $? = 1
configure: failed program was:
| /* confdefs.h */
| #define PACKAGE_NAME "LinuxTrack"
| #define PACKAGE_TARNAME "linuxtrack"
| #define PACKAGE_VERSION "0.99.20"
| #define PACKAGE_STRING "LinuxTrack 0.99.20"
| #define PACKAGE_BUGREPORT "https://github.com/uglyDwarf/linuxtrack/issues"
| #define PACKAGE_URL ""
| #define PACKAGE "linuxtrack"
| #define VERSION "0.99.20"
| #define YYTEXT_POINTER 1
| #define HAVE_STDIO_H 1
| #define HAVE_STDLIB_H 1
| #define HAVE_STRING_H 1
| #define HAVE_INTTYPES_H 1
| #define HAVE_STDINT_H 1
| #define HAVE_STRINGS_H 1
| #define HAVE_SYS_STAT_H 1
| #define HAVE_SYS_TYPES_H 1
| #define HAVE_UNISTD_H 1
| #define STDC_HEADERS 1
| #define HAVE_DLFCN_H 1
| #define LT_OBJDIR ".libs/"
| #define HAVE_NEW_LIBLO 1
| #define HAVE_STDINT_H 1
| #define HAVE_ASSERT_H 1
| #define HAVE_STDLIB_H 1
| #define HAVE_UNISTD_H 1
| #define HAVE_NETDB_H 1
| #define HAVE_SYS_SOCKET_H 1
| #define HAVE_FCNTL_H 1
| #define HAVE_SYS_IOCTL_H 1
| #define HAVE_ATEXIT 1
| #define HAVE_MEMSET 1
| #define HAVE_SELECT 1
| #define HAVE_SOCKET 1
| #define HAVE_STRERROR 1
| #define HAVE_GETTIMEOFDAY 1
| #define HAVE__BOOL 1
| #define V4L2 /**/
| #define LIBV4L2 /**/
| /* end confdefs.h.  */
| #include <stddef.h>
| #ifdef HAVE_STDIO_H
| # include <stdio.h>
| #endif
| #ifdef HAVE_STDLIB_H
| # include <stdlib.h>
| #endif
| #ifdef HAVE_STRING_H
| # include <string.h>
| #endif
| #ifdef HAVE_INTTYPES_H
| # include <inttypes.h>
| #endif
| #ifdef HAVE_STDINT_H
| # include <stdint.h>
| #endif
| #ifdef HAVE_STRINGS_H
| # include <strings.h>
| #endif
| #ifdef HAVE_SYS_TYPES_H
| # include <sys/types.h>
| #endif
| #ifdef HAVE_SYS_STAT_H
| # include <sys/stat.h>
| #endif
| #ifdef HAVE_UNISTD_H
| # include <unistd.h>
| #endif
| #include <XPLMPlugin.h>
configure:17781: result: no
configure:17857: checking 64bit winegcc
configure:17870: winegcc -o conftest.exe   -D_FORTIFY_SOURCE=2 -O2     conftest.c  >&5
./configure: line 1755: winegcc: command not found
configure:17870: $? = 127
configure: failed program was:
| /* confdefs.h */
| #define PACKAGE_NAME "LinuxTrack"
| #define PACKAGE_TARNAME "linuxtrack"
| #define PACKAGE_VERSION "0.99.20"
| #define PACKAGE_STRING "LinuxTrack 0.99.20"
| #define PACKAGE_BUGREPORT "https://github.com/uglyDwarf/linuxtrack/issues"
| #define PACKAGE_URL ""
| #define PACKAGE "linuxtrack"
| #define VERSION "0.99.20"
| #define YYTEXT_POINTER 1
| #define HAVE_STDIO_H 1
| #define HAVE_STDLIB_H 1
| #define HAVE_STRING_H 1
| #define HAVE_INTTYPES_H 1
| #define HAVE_STDINT_H 1
| #define HAVE_STRINGS_H 1
| #define HAVE_SYS_STAT_H 1
| #define HAVE_SYS_TYPES_H 1
| #define HAVE_UNISTD_H 1
| #define STDC_HEADERS 1
| #define HAVE_DLFCN_H 1
| #define LT_OBJDIR ".libs/"
| #define HAVE_NEW_LIBLO 1
| #define HAVE_STDINT_H 1
| #define HAVE_ASSERT_H 1
| #define HAVE_STDLIB_H 1
| #define HAVE_UNISTD_H 1
| #define HAVE_NETDB_H 1
| #define HAVE_SYS_SOCKET_H 1
| #define HAVE_FCNTL_H 1
| #define HAVE_SYS_IOCTL_H 1
| #define HAVE_ATEXIT 1
| #define HAVE_MEMSET 1
| #define HAVE_SELECT 1
| #define HAVE_SOCKET 1
| #define HAVE_STRERROR 1
| #define HAVE_GETTIMEOFDAY 1
| #define HAVE__BOOL 1
| #define V4L2 /**/
| #define LIBV4L2 /**/
| /* end confdefs.h.  */
| 
| int
| main (void)
| {
| 
|   ;
|   return 0;
| }
configure:17883: result: no
configure:17886: checking 64bit wineg++
configure:17899: winegcc -o conftest.exe   -D_FORTIFY_SOURCE=2 -O2     conftest.c  >&5
./configure: line 1755: winegcc: command not found
configure:17899: $? = 127
configure: failed program was:
| /* confdefs.h */
| #define PACKAGE_NAME "LinuxTrack"
| #define PACKAGE_TARNAME "linuxtrack"
| #define PACKAGE_VERSION "0.99.20"
| #define PACKAGE_STRING "LinuxTrack 0.99.20"
| #define PACKAGE_BUGREPORT "https://github.com/uglyDwarf/linuxtrack/issues"
| #define PACKAGE_URL ""
| #define PACKAGE "linuxtrack"
| #define VERSION "0.99.20"
| #define YYTEXT_POINTER 1
| #define HAVE_STDIO_H 1
| #define HAVE_STDLIB_H 1
| #define HAVE_STRING_H 1
| #define HAVE_INTTYPES_H 1
| #define HAVE_STDINT_H 1
| #define HAVE_STRINGS_H 1
| #define HAVE_SYS_STAT_H 1
| #define HAVE_SYS_TYPES_H 1
| #define HAVE_UNISTD_H 1
| #define STDC_HEADERS 1
| #define HAVE_DLFCN_H 1
| #define LT_OBJDIR ".libs/"
| #define HAVE_NEW_LIBLO 1
| #define HAVE_STDINT_H 1
| #define HAVE_ASSERT_H 1
| #define HAVE_STDLIB_H 1
| #define HAVE_UNISTD_H 1
| #define HAVE_NETDB_H 1
| #define HAVE_SYS_SOCKET_H 1
| #define HAVE_FCNTL_H 1
| #define HAVE_SYS_IOCTL_H 1
| #define HAVE_ATEXIT 1
| #define HAVE_MEMSET 1
| #define HAVE_SELECT 1
| #define HAVE_SOCKET 1
| #define HAVE_STRERROR 1
| #define HAVE_GETTIMEOFDAY 1
| #define HAVE__BOOL 1
| #define V4L2 /**/
| #define LIBV4L2 /**/
| /* end confdefs.h.  */
| 
| int
| main (void)
| {
| 
|   ;
|   return 0;
| }
configure:17912: result: no
configure:17921: checking 32bit winegcc
configure:17934: winegcc -o conftest.exe  -m32   -D_FORTIFY_SOURCE=2 -O2     conftest.c  >&5
./configure: line 1755: winegcc: command not found
configure:17934: $? = 127
configure: failed program was:
| /* confdefs.h */
| #define PACKAGE_NAME "LinuxTrack"
| #define PACKAGE_TARNAME "linuxtrack"
| #define PACKAGE_VERSION "0.99.20"
| #define PACKAGE_STRING "LinuxTrack 0.99.20"
| #define PACKAGE_BUGREPORT "https://github.com/uglyDwarf/linuxtrack/issues"
| #define PACKAGE_URL ""
| #define PACKAGE "linuxtrack"
| #define VERSION "0.99.20"
| #define YYTEXT_POINTER 1
| #define HAVE_STDIO_H 1
| #define HAVE_STDLIB_H 1
| #define HAVE_STRING_H 1
| #define HAVE_INTTYPES_H 1
| #define HAVE_STDINT_H 1
| #define HAVE_STRINGS_H 1
| #define HAVE_SYS_STAT_H 1
| #define HAVE_SYS_TYPES_H 1
| #define HAVE_UNISTD_H 1
| #define STDC_HEADERS 1
| #define HAVE_DLFCN_H 1
| #define LT_OBJDIR ".libs/"
| #define HAVE_NEW_LIBLO 1
| #define HAVE_STDINT_H 1
| #define HAVE_ASSERT_H 1
| #define HAVE_STDLIB_H 1
| #define HAVE_UNISTD_H 1
| #define HAVE_NETDB_H 1
| #define HAVE_SYS_SOCKET_H 1
| #define HAVE_FCNTL_H 1
| #define HAVE_SYS_IOCTL_H 1
| #define HAVE_ATEXIT 1
| #define HAVE_MEMSET 1
| #define HAVE_SELECT 1
| #define HAVE_SOCKET 1
| #define HAVE_STRERROR 1
| #define HAVE_GETTIMEOFDAY 1
| #define HAVE__BOOL 1
| #define V4L2 /**/
| #define LIBV4L2 /**/
| /* end confdefs.h.  */
| 
| int
| main (void)
| {
| 
|   ;
|   return 0;
| }
configure:17947: result: no
configure:17950: checking 32bit wineg++
configure:17963: winegcc -o conftest.exe  -m32   -D_FORTIFY_SOURCE=2 -O2     conftest.c  >&5
./configure: line 1755: winegcc: command not found
configure:17963: $? = 127
configure: failed program was:
| /* confdefs.h */
| #define PACKAGE_NAME "LinuxTrack"
| #define PACKAGE_TARNAME "linuxtrack"
| #define PACKAGE_VERSION "0.99.20"
| #define PACKAGE_STRING "LinuxTrack 0.99.20"
| #define PACKAGE_BUGREPORT "https://github.com/uglyDwarf/linuxtrack/issues"
| #define PACKAGE_URL ""
| #define PACKAGE "linuxtrack"
| #define VERSION "0.99.20"
| #define YYTEXT_POINTER 1
| #define HAVE_STDIO_H 1
| #define HAVE_STDLIB_H 1
| #define HAVE_STRING_H 1
| #define HAVE_INTTYPES_H 1
| #define HAVE_STDINT_H 1
| #define HAVE_STRINGS_H 1
| #define HAVE_SYS_STAT_H 1
| #define HAVE_SYS_TYPES_H 1
| #define HAVE_UNISTD_H 1
| #define STDC_HEADERS 1
| #define HAVE_DLFCN_H 1
| #define LT_OBJDIR ".libs/"
| #define HAVE_NEW_LIBLO 1
| #define HAVE_STDINT_H 1
| #define HAVE_ASSERT_H 1
| #define HAVE_STDLIB_H 1
| #define HAVE_UNISTD_H 1
| #define HAVE_NETDB_H 1
| #define HAVE_SYS_SOCKET_H 1
| #define HAVE_FCNTL_H 1
| #define HAVE_SYS_IOCTL_H 1
| #define HAVE_ATEXIT 1
| #define HAVE_MEMSET 1
| #define HAVE_SELECT 1
| #define HAVE_SOCKET 1
| #define HAVE_STRERROR 1
| #define HAVE_GETTIMEOFDAY 1
| #define HAVE__BOOL 1
| #define V4L2 /**/
| #define LIBV4L2 /**/
| /* end confdefs.h.  */
| 
| int
| main (void)
| {
| 
|   ;
|   return 0;
| }
configure:17976: result: no
configure:18023: checking for opencv4 >= 0.29.0
configure:18030: $PKG_CONFIG --exists --print-errors "opencv4 >= 0.29.0"
configure:18033: $? = 0
configure:18047: $PKG_CONFIG --exists --print-errors "opencv4 >= 0.29.0"
configure:18050: $? = 0
configure:18090: result: yes
configure:18363: checking that generated files are newer than configure
configure:18369: result: done
configure:18432: creating ./config.status

## ---------------------- ##
## Running config.status. ##
## ---------------------- ##

This file was extended by LinuxTrack config.status 0.99.20, which was
generated by GNU Autoconf 2.71.  Invocation command line was

  CONFIG_FILES    = 
  CONFIG_HEADERS  = 
  CONFIG_LINKS    = 
  CONFIG_COMMANDS = 
  $ ./config.status 

on fedora

config.status:1217: creating Makefile
config.status:1217: creating src/Makefile
config.status:1217: creating src/pathconfig.h
config.status:1217: creating src/mac/Makefile
config.status:1217: creating src/mac/Info.plist
config.status:1217: creating src/osc_server_mac/Makefile
config.status:1217: creating src/osc_server_mac/OscServer-Info.plist
config.status:1217: creating src/local_config.h
config.status:1217: creating src/qt_gui/ltr_gui.pro
config.status:1217: creating src/wii_server/wii_server.pro
config.status:1217: creating src/wine_bridge/Makefile
config.status:1217: creating src/wine_bridge/client/Makefile
config.status:1217: creating src/wine_bridge/ft_client/Makefile
config.status:1217: creating src/wine_bridge/controller/Makefile
config.status:1217: creating src/wine_bridge/tester/Makefile
config.status:1217: creating src/wine_bridge/ft_tester/Makefile
config.status:1217: creating src/wine_bridge/tester/npview.rc
config.status:1217: creating src/wine_bridge/ft_tester/fttester.rc
config.status:1217: creating src/wine_bridge/views/Makefile
config.status:1217: creating src/wine_bridge/ltr_wine64.nsi
config.status:1217: creating src/wine_bridge/ltr_wine.nsi
config.status:1217: creating doc/Makefile
config.status:1217: creating src/linuxtrack.pc
config.status:1217: creating src/mickey/mickey.pro
config.status:1217: creating config.h
config.status:1446: executing libtool commands
configure:20846: ===============================================================
configure:20848: ===                         Summary                         ===
configure:20850: ===============================================================
configure:20852: checking Webcam support
configure:20856: result: yes
configure:20863: checking Wiimote support
configure:20870: result: no
configure:20874: checking TrackIR support
configure:20878: result: yes
configure:20885: checking Facetracker support
configure:20889: result: yes
configure:20896: checking XPlane plugin
configure:20903: result: no
configure:20907: checking Mickey
configure:20911: result: yes
configure:20918: checking Wine plugin
configure:20925: result: no
configure:20929: checking OSC support
configure:20933: result: yes

## ---------------- ##
## Cache variables. ##
## ---------------- ##

ac_cv_build=x86_64-unknown-linux-gnu
ac_cv_c_compiler_gnu=yes
ac_cv_c_inline=inline
ac_cv_c_int32_t=yes
ac_cv_c_int8_t=yes
ac_cv_c_uint16_t=yes
ac_cv_c_uint32_t=yes
ac_cv_c_uint8_t=yes
ac_cv_cxx_compiler_gnu=yes
ac_cv_env_CCC_set=
ac_cv_env_CCC_value=
ac_cv_env_CC_set=
ac_cv_env_CC_value=
ac_cv_env_CFLAGS_set=
ac_cv_env_CFLAGS_value=
ac_cv_env_CPPFLAGS_set=
ac_cv_env_CPPFLAGS_value=
ac_cv_env_CXXCPP_set=
ac_cv_env_CXXCPP_value=
ac_cv_env_CXXFLAGS_set=
ac_cv_env_CXXFLAGS_value=
ac_cv_env_CXX_set=
ac_cv_env_CXX_value=
ac_cv_env_LDFLAGS_set=
ac_cv_env_LDFLAGS_value=
ac_cv_env_LIBS_set=
ac_cv_env_LIBS_value=
ac_cv_env_OBJCFLAGS_set=
ac_cv_env_OBJCFLAGS_value=
ac_cv_env_OBJC_set=
ac_cv_env_OBJC_value=
ac_cv_env_OPENCV_CFLAGS_set=
ac_cv_env_OPENCV_CFLAGS_value=
ac_cv_env_OPENCV_LIBS_set=
ac_cv_env_OPENCV_LIBS_value=
ac_cv_env_PKG_CONFIG_LIBDIR_set=
ac_cv_env_PKG_CONFIG_LIBDIR_value=
ac_cv_env_PKG_CONFIG_PATH_set=
ac_cv_env_PKG_CONFIG_PATH_value=
ac_cv_env_PKG_CONFIG_set=
ac_cv_env_PKG_CONFIG_value=
ac_cv_env_YACC_set=
ac_cv_env_YACC_value=
ac_cv_env_YFLAGS_set=
ac_cv_env_YFLAGS_value=
ac_cv_env_build_alias_set=
ac_cv_env_build_alias_value=
ac_cv_env_host_alias_set=
ac_cv_env_host_alias_value=
ac_cv_env_target_alias_set=
ac_cv_env_target_alias_value=
ac_cv_func_atexit=yes
ac_cv_func_gettimeofday=yes
ac_cv_func_memset=yes
ac_cv_func_select=yes
ac_cv_func_socket=yes
ac_cv_func_strerror=yes
ac_cv_header_XPLMPlugin_h=no
ac_cv_header_assert_h=yes
ac_cv_header_dlfcn_h=yes
ac_cv_header_fcntl_h=yes
ac_cv_header_inttypes_h=yes
ac_cv_header_libv4l2_h=yes
ac_cv_header_linux_uinput_h=yes
ac_cv_header_mxml_h=yes
ac_cv_header_netdb_h=yes
ac_cv_header_stdbool_h=no
ac_cv_header_stdint_h=yes
ac_cv_header_stdio_h=yes
ac_cv_header_stdlib_h=yes
ac_cv_header_string_h=yes
ac_cv_header_strings_h=yes
ac_cv_header_sys_ioctl_h=yes
ac_cv_header_sys_socket_h=yes
ac_cv_header_sys_stat_h=yes
ac_cv_header_sys_types_h=yes
ac_cv_header_unistd_h=yes
ac_cv_host=x86_64-unknown-linux-gnu
ac_cv_lib_cwiid_cwiid_open=no
ac_cv_lib_lex='none needed'
ac_cv_lib_lo_lo_bundle_free_recursive=yes
ac_cv_lib_lo_lo_send_bundle=yes
ac_cv_lib_m_sqrt=yes
ac_cv_lib_mxml_mxmlNewXML=yes
ac_cv_lib_pthread_pthread_create=yes
ac_cv_lib_usb_1_0_libusb_init=yes
ac_cv_lib_z_gzopen=yes
ac_cv_objc_compiler_gnu=no
ac_cv_objext=o
ac_cv_path_EGREP='/usr/bin/grep -E'
ac_cv_path_FGREP='/usr/bin/grep -F'
ac_cv_path_GREP=/usr/bin/grep
ac_cv_path_QMAKE_PATH=/usr/bin/qmake
ac_cv_path_SED=/usr/bin/sed
ac_cv_path_ac_pt_PKG_CONFIG=/usr/bin/pkg-config
ac_cv_path_install='/usr/bin/install -c'
ac_cv_path_mkdir=/usr/bin/mkdir
ac_cv_prog_AWK=gawk
ac_cv_prog_BISON=yes
ac_cv_prog_CXXCPP='g++ -E'
ac_cv_prog_LEX=flex
ac_cv_prog_YACC='bison -y'
ac_cv_prog_ac_ct_AR=ar
ac_cv_prog_ac_ct_CC=gcc
ac_cv_prog_ac_ct_CXX=g++
ac_cv_prog_ac_ct_OBJC=gcc
ac_cv_prog_ac_ct_OBJDUMP=objdump
ac_cv_prog_ac_ct_RANLIB=ranlib
ac_cv_prog_ac_ct_STRIP=strip
ac_cv_prog_cc_c11=
ac_cv_prog_cc_g=yes
ac_cv_prog_cc_stdc=
ac_cv_prog_cxx_11=no
ac_cv_prog_cxx_cxx11=
ac_cv_prog_cxx_g=yes
ac_cv_prog_cxx_stdcxx=
ac_cv_prog_lex_root=lex.yy
ac_cv_prog_lex_yytext_pointer=yes
ac_cv_prog_make_make_set=yes
ac_cv_prog_objc_g=no
ac_cv_prog_with_wine64=yes
ac_cv_type__Bool=yes
ac_cv_type_size_t=yes
ac_cv_type_struct_v4l2_frmsizeenum=yes
am_cv_ar_interface=ar
am_cv_make_support_nested_variables=yes
am_cv_prog_cc_c_o=yes
lt_cv_ar_at_file=@
lt_cv_archive_cmds_need_lc=no
lt_cv_deplibs_check_method=pass_all
lt_cv_file_magic_cmd='$MAGIC_CMD'
lt_cv_file_magic_test_file=
lt_cv_ld_reload_flag=-r
lt_cv_nm_interface='BSD nm'
lt_cv_objdir=.libs
lt_cv_path_LD=/usr/bin/ld
lt_cv_path_LDCXX='/usr/bin/ld -m elf_x86_64'
lt_cv_path_NM='/usr/bin/nm -B'
lt_cv_path_mainfest_tool=no
lt_cv_prog_compiler_c_o=yes
lt_cv_prog_compiler_c_o_CXX=yes
lt_cv_prog_compiler_pic='-fPIC -DPIC'
lt_cv_prog_compiler_pic_CXX='-fPIC -DPIC'
lt_cv_prog_compiler_pic_works=yes
lt_cv_prog_compiler_pic_works_CXX=yes
lt_cv_prog_compiler_rtti_exceptions=no
lt_cv_prog_compiler_static_works=no
lt_cv_prog_compiler_static_works_CXX=no
lt_cv_prog_gnu_ld=yes
lt_cv_prog_gnu_ldcxx=yes
lt_cv_sharedlib_from_linklib_cmd='printf %s\n'
lt_cv_shlibpath_overrides_runpath=yes
lt_cv_sys_global_symbol_pipe='sed -n -e '\''s/^.*[	 ]\([ABCDGIRSTW][ABCDGIRSTW]*\)[	 ][	 ]*\([_A-Za-z][_A-Za-z0-9]*\)$/\1 \2 \2/p'\'' | sed '\''/ __gnu_lto/d'\'''
lt_cv_sys_global_symbol_to_c_name_address='sed -n -e '\''s/^: \([^ ]*\)[ ]*$/  {\"\1\", (void *) 0},/p'\'' -e '\''s/^[ABCDGIRSTW]* \([^ ]*\) \([^ ]*\)$/  {"\2", (void *) \&\2},/p'\'''
lt_cv_sys_global_symbol_to_c_name_address_lib_prefix='sed -n -e '\''s/^: \([^ ]*\)[ ]*$/  {\"\1\", (void *) 0},/p'\'' -e '\''s/^[ABCDGIRSTW]* \([^ ]*\) \(lib[^ ]*\)$/  {"\2", (void *) \&\2},/p'\'' -e '\''s/^[ABCDGIRSTW]* \([^ ]*\) \([^ ]*\)$/  {"lib\2", (void *) \&\2},/p'\'''
lt_cv_sys_global_symbol_to_cdecl='sed -n -e '\''s/^T .* \(.*\)$/extern int \1();/p'\'' -e '\''s/^[ABCDGIRSTW]* .* \(.*\)$/extern char \1;/p'\'''
lt_cv_sys_max_cmd_len=1572864
lt_cv_to_host_file_cmd=func_convert_file_noop
lt_cv_to_tool_file_cmd=func_convert_file_noop
pkg_cv_OPENCV_CFLAGS=-I/usr/include/opencv4
pkg_cv_OPENCV_LIBS='-lopencv_gapi -lopencv_stitching -lopencv_alphamat -lopencv_aruco -lopencv_bgsegm -lopencv_bioinspired -lopencv_ccalib -lopencv_cvv -lopencv_dnn_objdetect -lopencv_dnn_superres -lopencv_dpm -lopencv_face -lopencv_freetype -lopencv_fuzzy -lopencv_hdf -lopencv_hfs -lopencv_img_hash -lopencv_intensity_transform -lopencv_line_descriptor -lopencv_mcc -lopencv_quality -lopencv_rapid -lopencv_reg -lopencv_rgbd -lopencv_saliency -lopencv_shape -lopencv_signal -lopencv_stereo -lopencv_structured_light -lopencv_phase_unwrapping -lopencv_superres -lopencv_optflow -lopencv_surface_matching -lopencv_tracking -lopencv_highgui -lopencv_datasets -lopencv_text -lopencv_plot -lopencv_ml -lopencv_videostab -lopencv_videoio -lopencv_viz -lopencv_wechat_qrcode -lopencv_ximgproc -lopencv_video -lopencv_xobjdetect -lopencv_objdetect -lopencv_calib3d -lopencv_imgcodecs -lopencv_features2d -lopencv_dnn -lopencv_flann -lopencv_xphoto -lopencv_photo -lopencv_imgproc -lopencv_core'

## ----------------- ##
## Output variables. ##
## ----------------- ##

ACLOCAL='${SHELL} '\''/mnt/Local_Git/git-repos/linuxtrack/missing'\'' aclocal-1.16'
AMTAR='$${TAR-tar}'
AM_BACKSLASH='\'
AM_DEFAULT_V='$(AM_DEFAULT_VERBOSITY)'
AM_DEFAULT_VERBOSITY='1'
AM_V='$(V)'
AR='ar'
AUTOCONF='${SHELL} '\''/mnt/Local_Git/git-repos/linuxtrack/missing'\'' autoconf'
AUTOHEADER='${SHELL} '\''/mnt/Local_Git/git-repos/linuxtrack/missing'\'' autoheader'
AUTOMAKE='${SHELL} '\''/mnt/Local_Git/git-repos/linuxtrack/missing'\'' automake-1.16'
AWK='gawk'
BISON='yes'
CC='gcc'
CFLAGS=' -g -O2 -Wall -Wextra -Wformat -Wformat-security          --param ssp-buffer-size=4 -fstack-protector -D_FORTIFY_SOURCE=2 '
CPPFLAGS=' -D_FORTIFY_SOURCE=2 -O2 '
CSCOPE='cscope'
CTAGS='ctags'
CWIID_FALSE=''
CWIID_TRUE='#'
CXX='g++'
CXXCPP='g++ -E'
CXXFLAGS='-g -O2 -g -O2 -Wall -Wextra -Wformat -Wformat-security          --param ssp-buffer-size=4 -fstack-protector -D_FORTIFY_SOURCE=2 '
CYGPATH_W='echo'
DARWIN_FALSE=''
DARWIN_TRUE='#'
DEFS='-DHAVE_CONFIG_H'
DLLTOOL='false'
DSYMUTIL=''
DUMPBIN=''
ECHO_C=''
ECHO_N='-n'
ECHO_T=''
EGREP='/usr/bin/grep -E'
ETAGS='etags'
EXEEXT=''
FACE_TRACKER_FALSE='#'
FACE_TRACKER_TRUE=''
FGREP='/usr/bin/grep -F'
GREP='/usr/bin/grep'
INSTALL_DATA='${INSTALL} -m 644'
INSTALL_PROGRAM='${INSTALL}'
INSTALL_SCRIPT='${INSTALL}'
INSTALL_STRIP_PROGRAM='$(install_sh) -c -s'
LD='/usr/bin/ld -m elf_x86_64'
LDFLAGS=''
LEX='flex'
LEXLIB=''
LEX_OUTPUT_ROOT='lex.yy'
LIB32DIR='lib32'
LIBOBJS=''
LIBS=''
LIBTOOL='$(SHELL) $(top_builddir)/libtool'
LIPO=''
LN_S='ln -s'
LTLIBOBJS=''
LTR32ON64_FALSE='#'
LTR32ON64_TRUE=''
MAKEINFO='${SHELL} '\''/mnt/Local_Git/git-repos/linuxtrack/missing'\'' makeinfo'
MANIFEST_TOOL=':'
MICKEY_FALSE='#'
MICKEY_TRUE=''
MKDIR_P='/usr/bin/mkdir -p'
NM='/usr/bin/nm -B'
NMEDIT=''
OBJC='gcc'
OBJCFLAGS=''
OBJDUMP='objdump'
OBJEXT='o'
OPENCV_CFLAGS='-I/usr/include/opencv4'
OPENCV_LIBS='-lopencv_gapi -lopencv_stitching -lopencv_alphamat -lopencv_aruco -lopencv_bgsegm -lopencv_bioinspired -lopencv_ccalib -lopencv_cvv -lopencv_dnn_objdetect -lopencv_dnn_superres -lopencv_dpm -lopencv_face -lopencv_freetype -lopencv_fuzzy -lopencv_hdf -lopencv_hfs -lopencv_img_hash -lopencv_intensity_transform -lopencv_line_descriptor -lopencv_mcc -lopencv_quality -lopencv_rapid -lopencv_reg -lopencv_rgbd -lopencv_saliency -lopencv_shape -lopencv_signal -lopencv_stereo -lopencv_structured_light -lopencv_phase_unwrapping -lopencv_superres -lopencv_optflow -lopencv_surface_matching -lopencv_tracking -lopencv_highgui -lopencv_datasets -lopencv_text -lopencv_plot -lopencv_ml -lopencv_videostab -lopencv_videoio -lopencv_viz -lopencv_wechat_qrcode -lopencv_ximgproc -lopencv_video -lopencv_xobjdetect -lopencv_objdetect -lopencv_calib3d -lopencv_imgcodecs -lopencv_features2d -lopencv_dnn -lopencv_flann -lopencv_xphoto -lopencv_photo -lopencv_imgproc -lopencv_core'
OSC_SUPPORT_FALSE='#'
OSC_SUPPORT_TRUE=''
OTOOL64=''
OTOOL=''
PACKAGE='linuxtrack'
PACKAGE_BUGREPORT='https://github.com/uglyDwarf/linuxtrack/issues'
PACKAGE_NAME='LinuxTrack'
PACKAGE_STRING='LinuxTrack 0.99.20'
PACKAGE_TARNAME='linuxtrack'
PACKAGE_URL=''
PACKAGE_VERSION='0.99.20'
PATH_SEPARATOR=':'
PKG_CONFIG='/usr/bin/pkg-config'
PKG_CONFIG_LIBDIR=''
PKG_CONFIG_PATH=''
QMAKE_PATH='/usr/bin/qmake'
RANLIB='ranlib'
SED='/usr/bin/sed'
SET_MAKE=''
SHELL='/bin/sh'
STRIP='strip'
TRACKIR_SUPPORT_FALSE='#'
TRACKIR_SUPPORT_TRUE=''
VERSION='0.99.20'
WEBCAM_SUPPORT_FALSE='#'
WEBCAM_SUPPORT_TRUE=''
WINE64_FALSE=''
WINE64_LIBS=''
WINE64_TRUE='#'
WINE_LIBS=''
WINE_PLUGIN_FALSE=''
WINE_PLUGIN_TRUE='#'
X64_FALSE='#'
X64_TRUE=''
XPLANE_PLUGIN_FALSE=''
XPLANE_PLUGIN_TRUE='#'
XPL_CPPFLAGS=' -I/usr/include/xplane_sdk/XPLM -I/usr/include/xplane_sdk/Widgets '
YACC='bison -y'
YFLAGS=''
ac_ct_AR='ar'
ac_ct_CC='gcc'
ac_ct_CXX='g++'
ac_ct_DUMPBIN=''
ac_ct_OBJC='gcc'
am__EXEEXT_FALSE=''
am__EXEEXT_TRUE='#'
am__isrc=''
am__leading_dot='.'
am__tar='$${TAR-tar} chof - "$$tardir"'
am__untar='$${TAR-tar} xf -'
bindir='${exec_prefix}/bin'
build='x86_64-unknown-linux-gnu'
build_alias=''
build_cpu='x86_64'
build_os='linux-gnu'
build_vendor='unknown'
datadir='${datarootdir}'
datarootdir='${prefix}/share'
docdir='${datarootdir}/doc/${PACKAGE_TARNAME}'
dvidir='${docdir}'
exec_prefix='${prefix}'
host='x86_64-unknown-linux-gnu'
host_alias=''
host_cpu='x86_64'
host_os='linux-gnu'
host_vendor='unknown'
htmldir='${docdir}'
includedir='${prefix}/include'
infodir='${datarootdir}/info'
install_sh='${SHELL} /mnt/Local_Git/git-repos/linuxtrack/install-sh'
libdir='${exec_prefix}/lib'
libexecdir='${exec_prefix}/libexec'
localedir='${datarootdir}/locale'
localstatedir='${prefix}/var'
mandir='${datarootdir}/man'
mkdir_p='$(MKDIR_P)'
oldincludedir='/usr/include'
pdfdir='${docdir}'
prefix='/usr/local'
program_transform_name='s,x,x,'
psdir='${docdir}'
runstatedir='${localstatedir}/run'
sbindir='${exec_prefix}/sbin'
sharedstatedir='${prefix}/com'
sysconfdir='${prefix}/etc'
target_alias=''
with_makensis=''
with_wine64='yes'

## ----------- ##
## confdefs.h. ##
## ----------- ##

/* confdefs.h */
#define PACKAGE_NAME "LinuxTrack"
#define PACKAGE_TARNAME "linuxtrack"
#define PACKAGE_VERSION "0.99.20"
#define PACKAGE_STRING "LinuxTrack 0.99.20"
#define PACKAGE_BUGREPORT "https://github.com/uglyDwarf/linuxtrack/issues"
#define PACKAGE_URL ""
#define PACKAGE "linuxtrack"
#define VERSION "0.99.20"
#define YYTEXT_POINTER 1
#define HAVE_STDIO_H 1
#define HAVE_STDLIB_H 1
#define HAVE_STRING_H 1
#define HAVE_INTTYPES_H 1
#define HAVE_STDINT_H 1
#define HAVE_STRINGS_H 1
#define HAVE_SYS_STAT_H 1
#define HAVE_SYS_TYPES_H 1
#define HAVE_UNISTD_H 1
#define STDC_HEADERS 1
#define HAVE_DLFCN_H 1
#define LT_OBJDIR ".libs/"
#define HAVE_NEW_LIBLO 1
#define HAVE_STDINT_H 1
#define HAVE_ASSERT_H 1
#define HAVE_STDLIB_H 1
#define HAVE_UNISTD_H 1
#define HAVE_NETDB_H 1
#define HAVE_SYS_SOCKET_H 1
#define HAVE_FCNTL_H 1
#define HAVE_SYS_IOCTL_H 1
#define HAVE_ATEXIT 1
#define HAVE_MEMSET 1
#define HAVE_SELECT 1
#define HAVE_SOCKET 1
#define HAVE_STRERROR 1
#define HAVE_GETTIMEOFDAY 1
#define HAVE__BOOL 1
#define V4L2 /**/
#define LIBV4L2 /**/

configure: exit 0
